#
# There is insufficient memory for the Java Runtime Environment to continue.
# Native memory allocation (malloc) failed to allocate 1048576 bytes for AllocateHeap
# Possible reasons:
#   The system is out of physical RAM or swap space
#   The process is running with CompressedOops enabled, and the Java Heap may be blocking the growth of the native heap
# Possible solutions:
#   Reduce memory load on the system
#   Increase physical memory or swap space
#   Check if swap backing store is full
#   Decrease Java heap size (-Xmx/-Xms)
#   Decrease number of Java threads
#   Decrease Java thread stack sizes (-Xss)
#   Set larger code cache with -XX:ReservedCodeCacheSize=
#   JVM is running with Zero Based Compressed Oops mode in which the Java heap is
#     placed in the first 32GB address space. The Java Heap base address is the
#     maximum limit for the native heap growth. Please use -XX:HeapBaseMinAddress
#     to set the Java Heap base and to place the Java Heap above 32GB virtual address.
# This output file may be truncated or incomplete.
#
#  Out of Memory Error (memory/allocation.inline.hpp:61), pid=4196, tid=0x0000000000000770
#
# JRE version:  (8.0_242-b01) (build )
# Java VM: OpenJDK 64-Bit Server VM (25.242-b01 mixed mode windows-amd64 compressed oops)
# Failed to write core dump. Minidumps are not enabled by default on client versions of Windows
#

---------------  T H R E A D  ---------------

Current thread (0x0000000002682800):  JavaThread "Unknown thread" [_thread_in_vm, id=1904, stack(0x0000000000da0000,0x0000000000ea0000)]

Stack: [0x0000000000da0000,0x0000000000ea0000]
[error occurred during error reporting (printing stack bounds), id 0xc0000005]

Native frames: (J=compiled Java code, j=interpreted, Vv=VM code, C=native code)


---------------  P R O C E S S  ---------------

Java Threads: ( => current thread )

Other Threads:

=>0x0000000002682800 (exited) JavaThread "Unknown thread" [_thread_in_vm, id=1904, stack(0x0000000000da0000,0x0000000000ea0000)]

VM state:not at safepoint (normal execution)

VM Mutex/Monitor currently owned by a thread: None

heap address: 0x0000000701800000, size: 3048 MB, Compressed Oops mode: Zero based, Oop shift amount: 3
Narrow klass base: 0x0000000000000000, Narrow klass shift: 3
Compressed class space size: 1073741824 Address: 0x00000007c0000000

Heap:
 PSYoungGen      total 57344K, used 983K [0x0000000780800000, 0x0000000784800000, 0x00000007c0000000)
  eden space 49152K, 2% used [0x0000000780800000,0x00000007808f5c38,0x0000000783800000)
  from space 8192K, 0% used [0x0000000784000000,0x0000000784000000,0x0000000784800000)
  to   space 8192K, 0% used [0x0000000783800000,0x0000000783800000,0x0000000784000000)
 ParOldGen       total 131072K, used 0K [0x0000000701800000, 0x0000000709800000, 0x0000000780800000)
  object space 131072K, 0% used [0x0000000701800000,0x0000000701800000,0x0000000709800000)
 Metaspace       used 779K, capacity 4480K, committed 4480K, reserved 1056768K
  class space    used 74K, capacity 384K, committed 384K, reserved 1048576K

Card table byte_map: [0x0000000011dc0000,0x00000000123c0000] byte_map_base: 0x000000000e5b4000

Marking Bits: (ParMarkBitMap*) 0x000000005468f030
 Begin Bits: [0x0000000012ec0000, 0x0000000015e60000)
 End Bits:   [0x0000000015e60000, 0x0000000018e00000)

Polling page: 0x00000000005f0000

CodeCache: size=245760Kb used=328Kb max_used=328Kb free=245431Kb
 bounds [0x0000000002a00000, 0x0000000002c70000, 0x0000000011a00000]
 total_blobs=57 nmethods=0 adapters=38
 compilation: enabled

Compilation events (0 events):
No events

GC Heap History (0 events):
No events

Deoptimization events (0 events):
No events

Classes redefined (0 events):
No events

Internal exceptions (0 events):
No events

Events (10 events):
Event: 0.016 loading class java/lang/Short
Event: 0.016 loading class java/lang/Short done
Event: 0.016 loading class java/lang/Integer
Event: 0.016 loading class java/lang/Integer done
Event: 0.016 loading class java/lang/Long
Event: 0.016 loading class java/lang/Long done
Event: 0.016 loading class java/lang/NullPointerException
Event: 0.016 loading class java/lang/NullPointerException done
Event: 0.016 loading class java/lang/ArithmeticException
Event: 0.016 loading class java/lang/ArithmeticException done


Dynamic libraries:
0x00007ff713350000 - 0x00007ff713381000 	C:\Program Files\Android\Android Studio\jre\jre\bin\java.exe
0x00007ffe16400000 - 0x00007ffe165f0000 	C:\WINDOWS\SYSTEM32\ntdll.dll
0x00007ffe14990000 - 0x00007ffe14a42000 	C:\WINDOWS\System32\KERNEL32.DLL
0x00007ffe134e0000 - 0x00007ffe13785000 	C:\WINDOWS\System32\KERNELBASE.dll
0x00007ffe16260000 - 0x00007ffe16303000 	C:\WINDOWS\System32\ADVAPI32.dll
0x00007ffe155b0000 - 0x00007ffe1564e000 	C:\WINDOWS\System32\msvcrt.dll
0x00007ffe144d0000 - 0x00007ffe14567000 	C:\WINDOWS\System32\sechost.dll
0x00007ffe14a60000 - 0x00007ffe14b80000 	C:\WINDOWS\System32\RPCRT4.dll
0x00007ffe15410000 - 0x00007ffe155a4000 	C:\WINDOWS\System32\USER32.dll
0x00007ffe13390000 - 0x00007ffe133b1000 	C:\WINDOWS\System32\win32u.dll
0x00007ffe14950000 - 0x00007ffe14976000 	C:\WINDOWS\System32\GDI32.dll
0x00007ffe13790000 - 0x00007ffe13926000 	C:\WINDOWS\System32\gdi32full.dll
0x00007ffe13930000 - 0x00007ffe139ce000 	C:\WINDOWS\System32\msvcp_win.dll
0x00007ffe133c0000 - 0x00007ffe134ba000 	C:\WINDOWS\System32\ucrtbase.dll
0x00007ffdffc10000 - 0x00007ffdffe94000 	C:\WINDOWS\WinSxS\amd64_microsoft.windows.common-controls_6595b64144ccf1df_6.0.18362.1139_none_9e7bf2d3e4605ac6\COMCTL32.dll
0x00007ffe14600000 - 0x00007ffe14935000 	C:\WINDOWS\System32\combase.dll
0x00007ffe139d0000 - 0x00007ffe13a50000 	C:\WINDOWS\System32\bcryptPrimitives.dll
0x00007ffe14570000 - 0x00007ffe1459e000 	C:\WINDOWS\System32\IMM32.DLL
0x0000000055720000 - 0x00000000557f2000 	C:\Program Files\Android\Android Studio\jre\jre\bin\msvcr100.dll
0x0000000053ec0000 - 0x000000005470b000 	C:\Program Files\Android\Android Studio\jre\jre\bin\server\jvm.dll
0x00007ffe14a50000 - 0x00007ffe14a58000 	C:\WINDOWS\System32\PSAPI.DLL
0x00007ffdfe3a0000 - 0x00007ffdfe3a9000 	C:\WINDOWS\SYSTEM32\WSOCK32.dll
0x00007ffe0e650000 - 0x00007ffe0e674000 	C:\WINDOWS\SYSTEM32\WINMM.dll
0x00007ffe0df90000 - 0x00007ffe0df9a000 	C:\WINDOWS\SYSTEM32\VERSION.dll
0x00007ffe14be0000 - 0x00007ffe14c4f000 	C:\WINDOWS\System32\WS2_32.dll
0x00007ffe0deb0000 - 0x00007ffe0dedd000 	C:\WINDOWS\SYSTEM32\winmmbase.dll
0x00007ffe13c50000 - 0x00007ffe13c9a000 	C:\WINDOWS\System32\cfgmgr32.dll
0x00007ffe0f910000 - 0x00007ffe0f91f000 	C:\Program Files\Android\Android Studio\jre\jre\bin\verify.dll
0x00007ffe0b1d0000 - 0x00007ffe0b1f9000 	C:\Program Files\Android\Android Studio\jre\jre\bin\java.dll
0x00007ffe0c330000 - 0x00007ffe0c346000 	C:\Program Files\Android\Android Studio\jre\jre\bin\zip.dll

VM Arguments:
java_command: org.jetbrains.git4idea.http.GitAskPassApp Username for 'https://github.com': 
java_class_path (initial): C:/Program Files/Android/Android Studio/plugins/git4idea/lib/git4idea-rt.jar;C:/Program Files/Android/Android Studio/lib/xmlrpc-2.0.1.jar;C:/Program Files/Android/Android Studio/lib/commons-codec-1.13.jar;C:/Program Files/Android/Android Studio/lib/util.jar
Launcher Type: SUN_STANDARD

Environment Variables:
JAVA_HOME=C:\Program Files (x86)\Java\jdk1.8.0_181
PATH=C:/Program Files/Git/mingw64/libexec/git-core;C:/Program Files/Git/mingw64/libexec/git-core;C:\Program Files\Git\mingw64\bin;C:\Program Files\Git\usr\bin;C:\Users\ADMIN\bin;C:\Program Files (x86)\Intel\Intel(R) Management Engine Components\iCLS\;C:\Program Files\Intel\Intel(R) Management Engine Components\iCLS\;C:\WINDOWS\system32;C:\WINDOWS;C:\WINDOWS\System32\Wbem;C:\WINDOWS\System32\WindowsPowerShell\v1.0\;C:\Program Files (x86)\Intel\Intel(R) Management Engine Components\DAL;C:\Program Files\Intel\Intel(R) Management Engine Components\DAL;C:\Program Files (x86)\Intel\Intel(R) Management Engine Components\IPT;C:\Program Files\Intel\Intel(R) Management Engine Components\IPT;C:\Program Files\Microsoft SQL Server\110\Tools\Binn\;C:\Program Files\dotnet\;C:\Program Files\Microsoft SQL Server\130\Tools\Binn\;C:\WINDOWS\System32\OpenSSH\;C:\Program Files (x86)\Microsoft SQL Server\Client SDK\ODBC\110\Tools\Binn\;C:\Program Files (x86)\Microsoft SQL Server\120\Tools\Binn\;C:\Program Files (x86)\Microsoft SQL Server\120\DTS\Binn\;C:\Program Files (x86)\Microsoft SQL Server\120\Tools\Binn\ManagementStudio\;C:\Users\ADMIN\Downloads\cmake-3.15.0-rc1-win64-x64\bin;C:\Program Files\Git\cmd;C:\Ruby27-x64\bin;C:\Ruby26-x64\bin;C:\Users\ADMIN\AppData\Local\Programs\Python\Python37\Scripts\;C:\Users\ADMIN\AppData\Local\Programs\Python\Python37\;C:\Users\ADMIN\AppData\Local\Microsoft\WindowsApps
USERNAME=ADMIN
DISPLAY=:0.0
OS=Windows_NT
PROCESSOR_IDENTIFIER=Intel64 Family 6 Model 142 Stepping 10, GenuineIntel



---------------  S Y S T E M  ---------------

OS: Windows 10.0 , 64 bit Build 18362 (10.0.18362.1110)

CPU:total 8 (initial active 8) (4 cores per cpu, 2 threads per core) family 6 model 142 stepping 10, cmov, cx8, fxsr, mmx, sse, sse2, sse3, ssse3, sse4.1, sse4.2, popcnt, avx, avx2, aes, clmul, erms, 3dnowpref, lzcnt, ht, tsc, tscinvbit, bmi1, bmi2, adx

Memory: 4k page, physical 12478204k(2404044k free), swap 14526204k(5236k free)

vm_info: OpenJDK 64-Bit Server VM (25.242-b01) for windows-amd64 JRE (1.8.0_242-release-1644-b01), built by "builder" with MS VC++ 10.0 (VS2010)

time: Wed Nov 25 14:46:09 2020
timezone: SE Asia Standard Time
elapsed time: 0 seconds (0d 0h 0m 0s)

