#
# There is insufficient memory for the Java Runtime Environment to continue.
# Native memory allocation (malloc) failed to allocate 2425936 bytes for Chunk::new
# Possible reasons:
#   The system is out of physical RAM or swap space
#   The process is running with CompressedOops enabled, and the Java Heap may be blocking the growth of the native heap
# Possible solutions:
#   Reduce memory load on the system
#   Increase physical memory or swap space
#   Check if swap backing store is full
#   Decrease Java heap size (-Xmx/-Xms)
#   Decrease number of Java threads
#   Decrease Java thread stack sizes (-Xss)
#   Set larger code cache with -XX:ReservedCodeCacheSize=
#   JVM is running with Unscaled Compressed Oops mode in which the Java heap is
#     placed in the first 4GB address space. The Java Heap base address is the
#     maximum limit for the native heap growth. Please use -XX:HeapBaseMinAddress
#     to set the Java Heap base and to place the Java Heap above 4GB virtual address.
# This output file may be truncated or incomplete.
#
#  Out of Memory Error (allocation.cpp:389), pid=9896, tid=0x0000000000003f68
#
# JRE version: OpenJDK Runtime Environment (8.0_242-b01) (build 1.8.0_242-release-1644-b01)
# Java VM: OpenJDK 64-Bit Server VM (25.242-b01 mixed mode windows-amd64 compressed oops)
# Failed to write core dump. Minidumps are not enabled by default on client versions of Windows
#

---------------  T H R E A D  ---------------

Current thread (0x0000000019f70000):  JavaThread "C2 CompilerThread0" daemon [_thread_in_native, id=16232, stack(0x000000001a860000,0x000000001a960000)]

Stack: [0x000000001a860000,0x000000001a960000]
[error occurred during error reporting (printing stack bounds), id 0xc0000005]

Native frames: (J=compiled Java code, j=interpreted, Vv=VM code, C=native code)


Current CompileTask:
C2:1342346 20178       4       com.sun.tools.javac.comp.Attr$ResultInfo::check (21 bytes)


---------------  P R O C E S S  ---------------

Java Threads: ( => current thread )
  0x000000001b4f1000 JavaThread "WorkerExecutor Queue Thread 8" [_thread_blocked, id=17328, stack(0x0000000038af0000,0x0000000038bf0000)]
  0x000000001d0b6000 JavaThread "WorkerExecutor Queue Thread 7" [_thread_blocked, id=15400, stack(0x00000000389f0000,0x0000000038af0000)]
  0x000000001d0bd000 JavaThread "WorkerExecutor Queue Thread 6" [_thread_blocked, id=10488, stack(0x00000000388f0000,0x00000000389f0000)]
  0x000000001d0bc000 JavaThread "WorkerExecutor Queue Thread 5" [_thread_in_vm, id=21096, stack(0x00000000387f0000,0x00000000388f0000)]
  0x000000001d0b9000 JavaThread "WorkerExecutor Queue Thread 4" [_thread_blocked, id=2488, stack(0x00000000372c0000,0x00000000373c0000)]
  0x000000001d0bb800 JavaThread "WorkerExecutor Queue Thread 3" [_thread_blocked, id=17096, stack(0x00000000347b0000,0x00000000348b0000)]
  0x000000001afc2000 JavaThread "WorkerExecutor Queue Thread 2" [_thread_blocked, id=13272, stack(0x0000000037020000,0x0000000037120000)]
  0x000000001afc1000 JavaThread "WorkerExecutor Queue" [_thread_blocked, id=14756, stack(0x0000000036f20000,0x0000000037020000)]
  0x000000001afbf800 JavaThread "ForkJoinPool.commonPool-worker-4" daemon [_thread_blocked, id=13892, stack(0x00000000334b0000,0x00000000335b0000)]
  0x000000001afbf000 JavaThread "ForkJoinPool.commonPool-worker-3" daemon [_thread_blocked, id=4040, stack(0x0000000032fb0000,0x00000000330b0000)]
  0x000000001afbe000 JavaThread "ForkJoinPool.commonPool-worker-2" daemon [_thread_blocked, id=18472, stack(0x0000000032a60000,0x0000000032b60000)]
  0x000000001afb4800 JavaThread "ForkJoinPool.commonPool-worker-1" daemon [_thread_blocked, id=20328, stack(0x0000000032460000,0x0000000032560000)]
  0x000000001afba800 JavaThread "Cache worker for Java compile cache (G:\US\lythuyet\Year3\Mobile_Dev\habit_tracker\.gradle\6.5\javaCompile)" [_thread_blocked, id=15796, stack(0x0000000032760000,0x0000000032860000)]
  0x000000001afb7800 JavaThread "Cache worker for Java compile cache (C:\Users\ADMIN\.gradle\caches\6.5\javaCompile)" [_thread_blocked, id=12412, stack(0x0000000032660000,0x0000000032760000)]
  0x000000001bbc7000 JavaThread "Cache worker for execution history cache (G:\US\lythuyet\Year3\Mobile_Dev\habit_tracker\.gradle\6.5\executionHistory)" [_thread_blocked, id=12500, stack(0x0000000031f60000,0x0000000032060000)]
  0x000000001bbc6000 JavaThread "Execution worker for ':' Thread 7" [_thread_blocked, id=19548, stack(0x0000000031e60000,0x0000000031f60000)]
  0x000000001bbc1800 JavaThread "Execution worker for ':' Thread 6" [_thread_blocked, id=18764, stack(0x0000000031d60000,0x0000000031e60000)]
  0x000000001bbc4800 JavaThread "Execution worker for ':' Thread 5" [_thread_blocked, id=21076, stack(0x0000000031c60000,0x0000000031d60000)]
  0x000000001bbc5800 JavaThread "Execution worker for ':' Thread 4" [_thread_blocked, id=5688, stack(0x000000002f4b0000,0x000000002f5b0000)]
  0x000000001bbc4000 JavaThread "Execution worker for ':' Thread 3" [_thread_blocked, id=11568, stack(0x000000002dd20000,0x000000002de20000)]
  0x000000001bbbd000 JavaThread "Execution worker for ':' Thread 2" [_thread_blocked, id=2916, stack(0x000000002cb20000,0x000000002cc20000)]
  0x000000001bbbc800 JavaThread "Execution worker for ':'" [_thread_blocked, id=14504, stack(0x000000002ca20000,0x000000002cb20000)]
  0x000000001bbbf800 JavaThread "Cache worker for file content cache (G:\US\lythuyet\Year3\Mobile_Dev\habit_tracker\.gradle\6.5\fileContent)" [_thread_blocked, id=18080, stack(0x000000002c920000,0x000000002ca20000)]
  0x000000001bbba000 JavaThread "Cache worker for Build Output Cleanup Cache (G:\US\lythuyet\Year3\Mobile_Dev\habit_tracker\.gradle\buildOutputCleanup)" [_thread_blocked, id=20736, stack(0x000000002c820000,0x000000002c920000)]
  0x000000001bbc1000 JavaThread "Build operations Thread 8" [_thread_blocked, id=16836, stack(0x00000000241c0000,0x00000000242c0000)]
  0x000000001bbbe800 JavaThread "Build operations Thread 7" [_thread_blocked, id=17108, stack(0x00000000240c0000,0x00000000241c0000)]
  0x000000001bbbb800 JavaThread "Build operations Thread 6" [_thread_blocked, id=7088, stack(0x0000000023fc0000,0x00000000240c0000)]
  0x000000002089e800 JavaThread "Build operations Thread 5" [_thread_blocked, id=22400, stack(0x0000000023ec0000,0x0000000023fc0000)]
  0x000000002089b000 JavaThread "Build operations Thread 4" [_thread_blocked, id=14688, stack(0x0000000023dc0000,0x0000000023ec0000)]
  0x000000002089f800 JavaThread "Build operations Thread 3" [_thread_blocked, id=21212, stack(0x0000000022c50000,0x0000000022d50000)]
  0x000000002089a000 JavaThread "Build operations Thread 2" [_thread_blocked, id=4488, stack(0x0000000022b50000,0x0000000022c50000)]
  0x000000002089e000 JavaThread "Build operations" [_thread_blocked, id=20488, stack(0x0000000021820000,0x0000000021920000)]
  0x000000002089c800 JavaThread "Cache worker for cache directory md-rule (C:\Users\ADMIN\.gradle\caches\6.5\md-rule)" [_thread_blocked, id=20600, stack(0x0000000021720000,0x0000000021820000)]
  0x000000002089b800 JavaThread "Cache worker for cache directory md-supplier (C:\Users\ADMIN\.gradle\caches\6.5\md-supplier)" [_thread_blocked, id=16996, stack(0x0000000021620000,0x0000000021720000)]
  0x0000000020892800 JavaThread "Cache worker for checksums cache (G:\US\lythuyet\Year3\Mobile_Dev\habit_tracker\.gradle\checksums)" [_thread_blocked, id=1044, stack(0x0000000021520000,0x0000000021620000)]
  0x0000000020899800 JavaThread "Cache worker for file hash cache (G:\US\lythuyet\Year3\Mobile_Dev\habit_tracker\.gradle\6.5\fileHashes)" [_thread_blocked, id=10456, stack(0x000000001e580000,0x000000001e680000)]
  0x0000000020891800 JavaThread "Thread-299" [_thread_blocked, id=16212, stack(0x000000001e480000,0x000000001e580000)]
  0x0000000020898800 JavaThread "Stdin handler" [_thread_blocked, id=10676, stack(0x000000001e380000,0x000000001e480000)]
  0x0000000020891000 JavaThread "Asynchronous log dispatcher for DefaultDaemonConnection: socket connection from /127.0.0.1:61938 to /127.0.0.1:62197" [_thread_blocked, id=12624, stack(0x000000001dd40000,0x000000001de40000)]
  0x0000000020897800 JavaThread "Cancel handler" [_thread_blocked, id=17192, stack(0x00000000015c0000,0x00000000016c0000)]
  0x0000000020896000 JavaThread "Handler for socket connection from /127.0.0.1:61938 to /127.0.0.1:62197" [_thread_in_native, id=17972, stack(0x00000000014c0000,0x00000000015c0000)]
  0x0000000020895800 JavaThread "RMI TCP Connection(idle)" daemon [_thread_blocked, id=12264, stack(0x0000000032b60000,0x0000000032c60000)]
  0x0000000020890000 JavaThread "RMI RenewClean-[127.0.0.1:17118,org.jetbrains.kotlin.daemon.common.LoopbackNetworkInterface$ClientLoopbackSocketFactory@1699dc64]" daemon [_thread_blocked, id=15844, stack(0x0000000032560000,0x0000000032660000)]
  0x0000000020894800 JavaThread "RMI TCP Connection(3)-127.0.0.1" daemon [_thread_in_native, id=11496, stack(0x00000000333b0000,0x00000000334b0000)]
  0x0000000020897000 JavaThread "RMI Reaper" [_thread_blocked, id=22048, stack(0x00000000332b0000,0x00000000333b0000)]
  0x0000000020894000 JavaThread "RMI TCP Accept-0" daemon [_thread_in_native, id=10788, stack(0x00000000331b0000,0x00000000332b0000)]
  0x0000000020893000 JavaThread "GC Daemon" daemon [_thread_blocked, id=16448, stack(0x00000000330b0000,0x00000000331b0000)]
  0x000000001afc0800 JavaThread "RMI Scheduler(0)" daemon [_thread_blocked, id=3832, stack(0x0000000032c60000,0x0000000032d60000)]
  0x000000001b77b800 JavaThread "jar transforms Thread 230" [_thread_blocked, id=19244, stack(0x000000002c720000,0x000000002c820000)]
  0x000000001b77f800 JavaThread "jar transforms Thread 229" [_thread_blocked, id=15688, stack(0x000000002c620000,0x000000002c720000)]
  0x000000001b77e800 JavaThread "jar transforms Thread 228" [_thread_blocked, id=18976, stack(0x000000002c520000,0x000000002c620000)]
  0x000000001b77d000 JavaThread "jar transforms Thread 227" [_thread_blocked, id=14308, stack(0x000000002c420000,0x000000002c520000)]
  0x000000001b77e000 JavaThread "jar transforms Thread 226" [_thread_blocked, id=13720, stack(0x000000002c320000,0x000000002c420000)]
  0x000000001b77b000 JavaThread "jar transforms Thread 225" [_thread_blocked, id=19576, stack(0x000000002c220000,0x000000002c320000)]
  0x000000001b77c800 JavaThread "jar transforms Thread 224" [_thread_blocked, id=13700, stack(0x000000002c120000,0x000000002c220000)]
  0x000000001b772000 JavaThread "jar transforms Thread 223" [_thread_blocked, id=18280, stack(0x000000002c020000,0x000000002c120000)]
  0x000000001b771000 JavaThread "jar transforms Thread 222" [_thread_blocked, id=7592, stack(0x000000002be20000,0x000000002bf20000)]
  0x000000001b778000 JavaThread "jar transforms Thread 221" [_thread_blocked, id=21924, stack(0x000000002bd20000,0x000000002be20000)]
  0x000000001b773800 JavaThread "jar transforms Thread 220" [_thread_blocked, id=1324, stack(0x000000002bc20000,0x000000002bd20000)]
  0x000000001b777000 JavaThread "jar transforms Thread 219" [_thread_blocked, id=9152, stack(0x000000002bb20000,0x000000002bc20000)]
  0x000000001b774000 JavaThread "jar transforms Thread 218" [_thread_blocked, id=14800, stack(0x000000002ba20000,0x000000002bb20000)]
  0x000000001b776800 JavaThread "jar transforms Thread 217" [_thread_blocked, id=772, stack(0x000000002b920000,0x000000002ba20000)]
  0x000000001b772800 JavaThread "jar transforms Thread 216" [_thread_blocked, id=19524, stack(0x000000002b820000,0x000000002b920000)]
  0x000000001b775800 JavaThread "jar transforms Thread 215" [_thread_blocked, id=13024, stack(0x000000002b720000,0x000000002b820000)]
  0x000000001b775000 JavaThread "jar transforms Thread 214" [_thread_blocked, id=13964, stack(0x000000002b620000,0x000000002b720000)]
  0x000000001fef8800 JavaThread "jar transforms Thread 213" [_thread_blocked, id=20356, stack(0x000000002b520000,0x000000002b620000)]
  0x000000001fef7800 JavaThread "jar transforms Thread 212" [_thread_blocked, id=9264, stack(0x000000002b420000,0x000000002b520000)]
  0x000000001fefd000 JavaThread "jar transforms Thread 211" [_thread_blocked, id=4924, stack(0x000000002b320000,0x000000002b420000)]
  0x000000001fefd800 JavaThread "jar transforms Thread 210" [_thread_blocked, id=17592, stack(0x000000002b220000,0x000000002b320000)]
  0x000000001fefb800 JavaThread "jar transforms Thread 209" [_thread_blocked, id=1396, stack(0x000000002b120000,0x000000002b220000)]
  0x000000001fefa000 JavaThread "jar transforms Thread 208" [_thread_blocked, id=14772, stack(0x000000002b020000,0x000000002b120000)]
  0x000000001fefa800 JavaThread "jar transforms Thread 207" [_thread_blocked, id=2136, stack(0x000000002af20000,0x000000002b020000)]
  0x000000001fef9000 JavaThread "jar transforms Thread 206" [_thread_blocked, id=9464, stack(0x000000002ae20000,0x000000002af20000)]
  0x000000001fefc000 JavaThread "jar transforms Thread 205" [_thread_blocked, id=9924, stack(0x000000002ad20000,0x000000002ae20000)]
  0x000000001fef1800 JavaThread "jar transforms Thread 204" [_thread_blocked, id=16700, stack(0x000000002ac20000,0x000000002ad20000)]
  0x000000001fef0000 JavaThread "jar transforms Thread 203" [_thread_blocked, id=13436, stack(0x000000002ab20000,0x000000002ac20000)]
  0x000000001fef7000 JavaThread "jar transforms Thread 202" [_thread_blocked, id=11472, stack(0x000000002aa20000,0x000000002ab20000)]
  0x000000001fef1000 JavaThread "jar transforms Thread 201" [_thread_blocked, id=22356, stack(0x000000002a920000,0x000000002aa20000)]
  0x000000001feef800 JavaThread "jar transforms Thread 200" [_thread_blocked, id=6856, stack(0x000000002a820000,0x000000002a920000)]
  0x000000001fef6000 JavaThread "jar transforms Thread 199" [_thread_blocked, id=11336, stack(0x000000002a720000,0x000000002a820000)]
  0x000000001feee800 JavaThread "jar transforms Thread 198" [_thread_blocked, id=8096, stack(0x000000002a620000,0x000000002a720000)]
  0x000000001fef4800 JavaThread "jar transforms Thread 197" [_thread_blocked, id=1180, stack(0x000000002a520000,0x000000002a620000)]
  0x000000001fef5800 JavaThread "jar transforms Thread 196" [_thread_blocked, id=12584, stack(0x000000002a420000,0x000000002a520000)]
  0x000000001fef4000 JavaThread "jar transforms Thread 195" [_thread_blocked, id=15752, stack(0x000000002a320000,0x000000002a420000)]
  0x000000001fef2800 JavaThread "jar transforms Thread 194" [_thread_blocked, id=21988, stack(0x000000002a220000,0x000000002a320000)]
  0x000000001fef3000 JavaThread "jar transforms Thread 193" [_thread_blocked, id=19956, stack(0x000000002a120000,0x000000002a220000)]
  0x0000000023d81000 JavaThread "jar transforms Thread 192" [_thread_blocked, id=20896, stack(0x000000002a020000,0x000000002a120000)]
  0x0000000023d80800 JavaThread "jar transforms Thread 191" [_thread_blocked, id=3472, stack(0x0000000029f20000,0x000000002a020000)]
  0x0000000023d7f800 JavaThread "jar transforms Thread 190" [_thread_blocked, id=6280, stack(0x0000000029e20000,0x0000000029f20000)]
  0x0000000023d7f000 JavaThread "jar transforms Thread 189" [_thread_blocked, id=8680, stack(0x0000000029d20000,0x0000000029e20000)]
  0x0000000023d7e000 JavaThread "jar transforms Thread 188" [_thread_blocked, id=10392, stack(0x0000000029c20000,0x0000000029d20000)]
  0x0000000023d7d800 JavaThread "jar transforms Thread 187" [_thread_blocked, id=21720, stack(0x0000000029b20000,0x0000000029c20000)]
  0x0000000023d82000 JavaThread "jar transforms Thread 186" [_thread_blocked, id=18100, stack(0x0000000029a20000,0x0000000029b20000)]
  0x0000000023d76000 JavaThread "jar transforms Thread 185" [_thread_blocked, id=21784, stack(0x0000000029920000,0x0000000029a20000)]
  0x0000000023d7c800 JavaThread "jar transforms Thread 184" [_thread_blocked, id=14692, stack(0x0000000029820000,0x0000000029920000)]
  0x0000000023d7c000 JavaThread "jar transforms Thread 183" [_thread_blocked, id=16924, stack(0x0000000029720000,0x0000000029820000)]
  0x0000000023d74800 JavaThread "jar transforms Thread 182" [_thread_blocked, id=7564, stack(0x0000000029620000,0x0000000029720000)]
  0x0000000023d7b000 JavaThread "jar transforms Thread 181" [_thread_blocked, id=13868, stack(0x0000000029520000,0x0000000029620000)]
  0x0000000023d75000 JavaThread "jar transforms Thread 180" [_thread_blocked, id=11456, stack(0x0000000029420000,0x0000000029520000)]
  0x0000000023d79000 JavaThread "jar transforms Thread 179" [_thread_blocked, id=7068, stack(0x0000000029320000,0x0000000029420000)]
  0x0000000023d77800 JavaThread "jar transforms Thread 178" [_thread_blocked, id=12472, stack(0x0000000029220000,0x0000000029320000)]
  0x0000000023d78000 JavaThread "jar transforms Thread 177" [_thread_blocked, id=14412, stack(0x0000000029120000,0x0000000029220000)]
  0x0000000023d76800 JavaThread "jar transforms Thread 176" [_thread_blocked, id=10232, stack(0x0000000029020000,0x0000000029120000)]
  0x0000000023d7a800 JavaThread "jar transforms Thread 175" [_thread_blocked, id=17428, stack(0x0000000028f20000,0x0000000029020000)]
  0x0000000023d79800 JavaThread "jar transforms Thread 174" [_thread_blocked, id=22372, stack(0x0000000028e20000,0x0000000028f20000)]
  0x0000000023d73000 JavaThread "jar transforms Thread 173" [_thread_blocked, id=18376, stack(0x0000000028d20000,0x0000000028e20000)]
  0x0000000023d73800 JavaThread "jar transforms Thread 172" [_thread_blocked, id=13212, stack(0x0000000028c20000,0x0000000028d20000)]
  0x000000001b7e1800 JavaThread "jar transforms Thread 171" [_thread_blocked, id=21488, stack(0x0000000028b20000,0x0000000028c20000)]
  0x000000001b7e0800 JavaThread "jar transforms Thread 170" [_thread_blocked, id=19392, stack(0x0000000028a20000,0x0000000028b20000)]
  0x000000001b7e0000 JavaThread "jar transforms Thread 169" [_thread_blocked, id=13236, stack(0x0000000028920000,0x0000000028a20000)]
  0x000000001b7e2000 JavaThread "jar transforms Thread 168" [_thread_blocked, id=5116, stack(0x0000000028820000,0x0000000028920000)]
  0x000000001b7df000 JavaThread "jar transforms Thread 167" [_thread_blocked, id=18632, stack(0x0000000028720000,0x0000000028820000)]
  0x000000001b7d7800 JavaThread "jar transforms Thread 166" [_thread_blocked, id=13592, stack(0x0000000028620000,0x0000000028720000)]
  0x000000001b7de800 JavaThread "jar transforms Thread 165" [_thread_blocked, id=15184, stack(0x0000000028520000,0x0000000028620000)]
  0x000000001b7dd800 JavaThread "jar transforms Thread 164" [_thread_blocked, id=17756, stack(0x0000000028420000,0x0000000028520000)]
  0x000000001b7dd000 JavaThread "jar transforms Thread 163" [_thread_blocked, id=1840, stack(0x0000000028320000,0x0000000028420000)]
  0x000000001b7da800 JavaThread "jar transforms Thread 162" [_thread_blocked, id=16516, stack(0x0000000028220000,0x0000000028320000)]
  0x000000001b7d7000 JavaThread "jar transforms Thread 161" [_thread_blocked, id=20216, stack(0x0000000028120000,0x0000000028220000)]
  0x000000001b7dc000 JavaThread "jar transforms Thread 160" [_thread_blocked, id=21760, stack(0x0000000028020000,0x0000000028120000)]
  0x000000001b7da000 JavaThread "jar transforms Thread 159" [_thread_blocked, id=19544, stack(0x0000000027f20000,0x0000000028020000)]
  0x000000001b7d5800 JavaThread "jar transforms Thread 158" [_thread_blocked, id=19172, stack(0x0000000027e20000,0x0000000027f20000)]
  0x000000001b7d4800 JavaThread "jar transforms Thread 157" [_thread_blocked, id=20552, stack(0x0000000027d20000,0x0000000027e20000)]
  0x000000001b7db800 JavaThread "jar transforms Thread 156" [_thread_blocked, id=21408, stack(0x0000000027c20000,0x0000000027d20000)]
  0x000000001b7d3000 JavaThread "jar transforms Thread 155" [_thread_blocked, id=11876, stack(0x0000000027b20000,0x0000000027c20000)]
  0x000000001b7d9000 JavaThread "jar transforms Thread 154" [_thread_blocked, id=18384, stack(0x0000000027a20000,0x0000000027b20000)]
  0x000000001b7d8800 JavaThread "jar transforms Thread 153" [_thread_blocked, id=15848, stack(0x0000000027920000,0x0000000027a20000)]
  0x000000001b7d4000 JavaThread "jar transforms Thread 152" [_thread_blocked, id=19840, stack(0x0000000027820000,0x0000000027920000)]
  0x000000001b7d6000 JavaThread "jar transforms Thread 151" [_thread_blocked, id=16856, stack(0x0000000027720000,0x0000000027820000)]
  0x000000001cb62800 JavaThread "jar transforms Thread 150" [_thread_blocked, id=12940, stack(0x0000000027620000,0x0000000027720000)]
  0x000000001cb62000 JavaThread "jar transforms Thread 149" [_thread_blocked, id=6380, stack(0x0000000027520000,0x0000000027620000)]
  0x000000001cb61000 JavaThread "jar transforms Thread 148" [_thread_blocked, id=12344, stack(0x0000000027420000,0x0000000027520000)]
  0x000000001cb5f000 JavaThread "jar transforms Thread 147" [_thread_blocked, id=10328, stack(0x0000000027320000,0x0000000027420000)]
  0x000000001cb60800 JavaThread "jar transforms Thread 146" [_thread_blocked, id=12204, stack(0x0000000027220000,0x0000000027320000)]
  0x000000001cb63800 JavaThread "jar transforms Thread 145" [_thread_blocked, id=9908, stack(0x0000000027120000,0x0000000027220000)]
  0x000000001cb5e000 JavaThread "jar transforms Thread 144" [_thread_blocked, id=14560, stack(0x0000000027020000,0x0000000027120000)]
  0x000000001cb5f800 JavaThread "jar transforms Thread 143" [_thread_blocked, id=21888, stack(0x0000000026f20000,0x0000000027020000)]
  0x000000001b4ff000 JavaThread "jar transforms Thread 142" [_thread_blocked, id=10856, stack(0x0000000026e20000,0x0000000026f20000)]
  0x000000001b4fe800 JavaThread "jar transforms Thread 141" [_thread_blocked, id=16360, stack(0x0000000026d20000,0x0000000026e20000)]
  0x000000001b4fd800 JavaThread "jar transforms Thread 140" [_thread_blocked, id=17948, stack(0x0000000026c20000,0x0000000026d20000)]
  0x000000001b4fa000 JavaThread "jar transforms Thread 139" [_thread_blocked, id=18292, stack(0x0000000026b20000,0x0000000026c20000)]
  0x000000001b4fd000 JavaThread "jar transforms Thread 138" [_thread_blocked, id=2448, stack(0x0000000026a20000,0x0000000026b20000)]
  0x000000001b4fc000 JavaThread "jar transforms Thread 137" [_thread_blocked, id=11984, stack(0x0000000026920000,0x0000000026a20000)]
  0x000000001b4f4800 JavaThread "jar transforms Thread 136" [_thread_blocked, id=1060, stack(0x0000000026820000,0x0000000026920000)]
  0x000000001b4fb800 JavaThread "jar transforms Thread 135" [_thread_blocked, id=5968, stack(0x00000000260d0000,0x00000000261d0000)]
  0x000000001b4fa800 JavaThread "jar transforms Thread 134" [_thread_blocked, id=8560, stack(0x00000000259c0000,0x0000000025ac0000)]
  0x000000001b4f7000 JavaThread "jar transforms Thread 133" [_thread_blocked, id=16816, stack(0x00000000250c0000,0x00000000251c0000)]
  0x000000001b4f4000 JavaThread "jar transforms Thread 132" [_thread_blocked, id=19412, stack(0x0000000024fc0000,0x00000000250c0000)]
  0x000000001b4f3000 JavaThread "jar transforms Thread 131" [_thread_blocked, id=13248, stack(0x0000000024ec0000,0x0000000024fc0000)]
  0x000000001d0bf000 JavaThread "jar transforms Thread 130" [_thread_blocked, id=21280, stack(0x0000000024bc0000,0x0000000024cc0000)]
  0x000000001d0be800 JavaThread "jar transforms Thread 129" [_thread_blocked, id=12920, stack(0x0000000024ac0000,0x0000000024bc0000)]
  0x000000001d0c0800 JavaThread "jar transforms Thread 128" [_thread_blocked, id=12724, stack(0x00000000249c0000,0x0000000024ac0000)]
  0x000000001d0c4800 JavaThread "jar transforms Thread 127" [_thread_blocked, id=2292, stack(0x00000000248c0000,0x00000000249c0000)]
  0x000000001d0bd800 JavaThread "jar transforms Thread 126" [_thread_blocked, id=15504, stack(0x00000000247c0000,0x00000000248c0000)]
  0x000000001d0c0000 JavaThread "jar transforms Thread 125" [_thread_blocked, id=11916, stack(0x00000000246c0000,0x00000000247c0000)]
  0x000000001d0c3000 JavaThread "jar transforms Thread 124" [_thread_blocked, id=20064, stack(0x00000000245c0000,0x00000000246c0000)]
  0x000000001d0c2000 JavaThread "jar transforms Thread 123" [_thread_blocked, id=15740, stack(0x00000000244c0000,0x00000000245c0000)]
  0x000000001d0c3800 JavaThread "jar transforms Thread 122" [_thread_blocked, id=21188, stack(0x00000000243c0000,0x00000000244c0000)]
  0x000000001d0c1800 JavaThread "jar transforms Thread 121" [_thread_blocked, id=17024, stack(0x00000000242c0000,0x00000000243c0000)]
  0x000000001afbd800 JavaThread "jar transforms Thread 120" [_thread_blocked, id=6868, stack(0x0000000021420000,0x0000000021520000)]
  0x000000001afb6000 JavaThread "jar transforms Thread 119" [_thread_blocked, id=19272, stack(0x0000000021320000,0x0000000021420000)]
  0x000000001afbc800 JavaThread "jar transforms Thread 118" [_thread_blocked, id=18244, stack(0x0000000021220000,0x0000000021320000)]
  0x000000001afb5000 JavaThread "jar transforms Thread 117" [_thread_blocked, id=3028, stack(0x000000001ea80000,0x000000001eb80000)]
  0x000000001afbc000 JavaThread "jar transforms Thread 116" [_thread_blocked, id=16880, stack(0x000000001e780000,0x000000001e880000)]
  0x000000001afb3800 JavaThread "Daemon worker Thread 2" [_thread_blocked, id=16704, stack(0x000000001dc40000,0x000000001dd40000)]
  0x000000001afb9000 JavaThread "Daemon Thread 2" [_thread_blocked, id=13696, stack(0x00000000013c0000,0x00000000014c0000)]
  0x000000001b4f7800 JavaThread "Memory manager" [_thread_blocked, id=4452, stack(0x000000002dc20000,0x000000002dd20000)]
  0x000000001d0b7800 JavaThread "Cache worker for file content cache (C:\Users\ADMIN\.gradle\caches\6.5\fileContent)" [_thread_blocked, id=9112, stack(0x00000000258c0000,0x00000000259c0000)]
  0x000000001afc2800 JavaThread "Cache worker for execution history cache (C:\Users\ADMIN\.gradle\caches\6.5\executionHistory)" [_thread_blocked, id=14700, stack(0x00000000253c0000,0x00000000254c0000)]
  0x000000001cb65000 JavaThread "Cache worker for file hash cache (C:\Users\ADMIN\.gradle\caches\6.5\fileHashes)" [_thread_blocked, id=12828, stack(0x000000001ff50000,0x0000000020050000)]
  0x000000001cb64000 JavaThread "File lock request listener" [_thread_in_native, id=8120, stack(0x000000001ee80000,0x000000001ef80000)]
  0x000000001cbc6800 JavaThread "Cache worker for journal cache (C:\Users\ADMIN\.gradle\caches\journal-1)" [_thread_blocked, id=19816, stack(0x000000001ed80000,0x000000001ee80000)]
  0x000000001cae9000 JavaThread "Daemon periodic checks" [_thread_blocked, id=10648, stack(0x000000001e080000,0x000000001e180000)]
  0x000000001caa2800 JavaThread "Incoming local TCP Connector on port 61938" [_thread_in_native, id=3236, stack(0x000000001de40000,0x000000001df40000)]
  0x000000001ca60000 JavaThread "Daemon health stats" [_thread_blocked, id=16520, stack(0x000000001d800000,0x000000001d900000)]
  0x000000001a003000 JavaThread "Service Thread" daemon [_thread_blocked, id=20556, stack(0x000000001ac60000,0x000000001ad60000)]
  0x0000000019f89000 JavaThread "C1 CompilerThread3" daemon [_thread_blocked, id=2588, stack(0x000000001ab60000,0x000000001ac60000)]
  0x0000000019f7a000 JavaThread "C2 CompilerThread2" daemon [_thread_in_native, id=7796, stack(0x000000001aa60000,0x000000001ab60000)]
  0x0000000019f72800 JavaThread "C2 CompilerThread1" daemon [_thread_in_native, id=22408, stack(0x000000001a960000,0x000000001aa60000)]
=>0x0000000019f70000 JavaThread "C2 CompilerThread0" daemon [_thread_in_native, id=16232, stack(0x000000001a860000,0x000000001a960000)]
  0x0000000019f6f000 JavaThread "Attach Listener" daemon [_thread_blocked, id=6504, stack(0x000000001a760000,0x000000001a860000)]
  0x0000000019f6e000 JavaThread "Signal Dispatcher" daemon [_thread_blocked, id=1920, stack(0x000000001a660000,0x000000001a760000)]
  0x00000000030c9000 JavaThread "Finalizer" daemon [_thread_blocked, id=14440, stack(0x000000001a440000,0x000000001a540000)]
  0x000000001816c000 JavaThread "Reference Handler" daemon [_thread_blocked, id=15996, stack(0x000000001a340000,0x000000001a440000)]
  0x0000000002fd2800 JavaThread "main" [_thread_blocked, id=3596, stack(0x0000000002ea0000,0x0000000002fa0000)]

Other Threads:
  0x0000000018167800 VMThread [stack: 0x0000000019e40000,0x0000000019f40000] [id=18568]
  0x000000001a003800 WatcherThread [stack: 0x000000001ad60000,0x000000001ae60000] [id=13396]

VM state:not at safepoint (normal execution)

VM Mutex/Monitor currently owned by a thread: None

heap address: 0x0000000080000000, size: 2048 MB, Compressed Oops mode: 32-bit
Narrow klass base: 0x0000000000000000, Narrow klass shift: 3
Compressed class space size: 1073741824 Address: 0x0000000100000000

Heap:
 PSYoungGen      total 399360K, used 111268K [0x00000000d5580000, 0x00000000f2f80000, 0x0000000100000000)
  eden space 320512K, 18% used [0x00000000d5580000,0x00000000d8fa7e10,0x00000000e8e80000)
  from space 78848K, 65% used [0x00000000ee000000,0x00000000f12811f8,0x00000000f2d00000)
  to   space 82432K, 0% used [0x00000000e8e80000,0x00000000e8e80000,0x00000000edf00000)
 ParOldGen       total 247808K, used 162647K [0x0000000080000000, 0x000000008f200000, 0x00000000d5580000)
  object space 247808K, 65% used [0x0000000080000000,0x0000000089ed5cc0,0x000000008f200000)
 Metaspace       used 128007K, capacity 134036K, committed 134092K, reserved 1165312K
  class space    used 16147K, capacity 17397K, committed 17408K, reserved 1048576K

Card table byte_map: [0x0000000012490000,0x00000000128a0000] byte_map_base: 0x0000000012090000

Marking Bits: (ParMarkBitMap*) 0x000000006e5ef030
 Begin Bits: [0x0000000013350000, 0x0000000015350000)
 End Bits:   [0x0000000015350000, 0x0000000017350000)

Polling page: 0x0000000001230000

CodeCache: size=245760Kb used=60298Kb max_used=60298Kb free=185461Kb
 bounds [0x00000000030d0000, 0x0000000006c00000, 0x00000000120d0000]
 total_blobs=18391 nmethods=17403 adapters=899
 compilation: enabled

Compilation events (10 events):
Event: 1342.334 Thread 0x0000000019f89000 21193       2       com.android.tools.r8.origin.ArchiveEntryOrigin::<init> (11 bytes)
Event: 1342.334 Thread 0x0000000019f89000 nmethod 21193 0x0000000006bf2610 code [0x0000000006bf2760, 0x0000000006bf28d0]
Event: 1342.334 Thread 0x0000000019f89000 21194       2       com.google.common.io.ByteStreams::toByteArrayInternal (119 bytes)
Event: 1342.335 Thread 0x0000000019f89000 nmethod 21194 0x0000000006bf2950 code [0x0000000006bf2b20, 0x0000000006bf3038]
Event: 1342.336 Thread 0x0000000019f89000 21195       2       com.android.tools.r8.utils.e$b::a (17 bytes)
Event: 1342.337 Thread 0x0000000019f89000 nmethod 21195 0x0000000006bf32d0 code [0x0000000006bf3440, 0x0000000006bf36f8]
Event: 1342.337 Thread 0x0000000019f89000 21196       2       com.android.builder.dexing.D8DiagnosticsHandler::getOrigin (65 bytes)
Event: 1342.338 Thread 0x0000000019f89000 nmethod 21196 0x0000000006bf3890 code [0x0000000006bf3a80, 0x0000000006bf40d8]
Event: 1342.338 Thread 0x0000000019f89000 21197       2       com.android.tools.r8.utils.e$b::a (23 bytes)
Event: 1342.339 Thread 0x0000000019f89000 nmethod 21197 0x0000000006bf4490 code [0x0000000006bf4620, 0x0000000006bf49d8]

GC Heap History (10 events):
Event: 1270.825 GC heap before
{Heap before GC invocations=20 (full 4):
 PSYoungGen      total 309760K, used 271360K [0x00000000d5580000, 0x00000000ecc80000, 0x0000000100000000)
  eden space 271360K, 100% used [0x00000000d5580000,0x00000000e5e80000,0x00000000e5e80000)
  from space 38400K, 0% used [0x00000000e5e80000,0x00000000e5e80000,0x00000000e8400000)
  to   space 37376K, 0% used [0x00000000ea800000,0x00000000ea800000,0x00000000ecc80000)
 ParOldGen       total 247808K, used 59795K [0x0000000080000000, 0x000000008f200000, 0x00000000d5580000)
  object space 247808K, 24% used [0x0000000080000000,0x0000000083a64d10,0x000000008f200000)
 Metaspace       used 97911K, capacity 102760K, committed 102860K, reserved 1138688K
  class space    used 12751K, capacity 13778K, committed 13824K, reserved 1048576K
Event: 1270.840 GC heap after
Heap after GC invocations=20 (full 4):
 PSYoungGen      total 347136K, used 18941K [0x00000000d5580000, 0x00000000ed000000, 0x0000000100000000)
  eden space 309760K, 0% used [0x00000000d5580000,0x00000000d5580000,0x00000000e8400000)
  from space 37376K, 50% used [0x00000000ea800000,0x00000000eba7f5a8,0x00000000ecc80000)
  to   space 36864K, 0% used [0x00000000e8400000,0x00000000e8400000,0x00000000ea800000)
 ParOldGen       total 247808K, used 59803K [0x0000000080000000, 0x000000008f200000, 0x00000000d5580000)
  object space 247808K, 24% used [0x0000000080000000,0x0000000083a66d10,0x000000008f200000)
 Metaspace       used 97911K, capacity 102760K, committed 102860K, reserved 1138688K
  class space    used 12751K, capacity 13778K, committed 13824K, reserved 1048576K
}
Event: 1284.069 GC heap before
{Heap before GC invocations=21 (full 4):
 PSYoungGen      total 347136K, used 328701K [0x00000000d5580000, 0x00000000ed000000, 0x0000000100000000)
  eden space 309760K, 100% used [0x00000000d5580000,0x00000000e8400000,0x00000000e8400000)
  from space 37376K, 50% used [0x00000000ea800000,0x00000000eba7f5a8,0x00000000ecc80000)
  to   space 36864K, 0% used [0x00000000e8400000,0x00000000e8400000,0x00000000ea800000)
 ParOldGen       total 247808K, used 59803K [0x0000000080000000, 0x000000008f200000, 0x00000000d5580000)
  object space 247808K, 24% used [0x0000000080000000,0x0000000083a66d10,0x000000008f200000)
 Metaspace       used 106475K, capacity 111836K, committed 111948K, reserved 1146880K
  class space    used 13741K, capacity 14877K, committed 14976K, reserved 1048576K
Event: 1284.083 GC heap after
Heap after GC invocations=21 (full 4):
 PSYoungGen      total 346624K, used 28181K [0x00000000d5580000, 0x00000000eec00000, 0x0000000100000000)
  eden space 309760K, 0% used [0x00000000d5580000,0x00000000d5580000,0x00000000e8400000)
  from space 36864K, 76% used [0x00000000e8400000,0x00000000e9f85778,0x00000000ea800000)
  to   space 39936K, 0% used [0x00000000ec500000,0x00000000ec500000,0x00000000eec00000)
 ParOldGen       total 247808K, used 59811K [0x0000000080000000, 0x000000008f200000, 0x00000000d5580000)
  object space 247808K, 24% used [0x0000000080000000,0x0000000083a68d10,0x000000008f200000)
 Metaspace       used 106475K, capacity 111836K, committed 111948K, reserved 1146880K
  class space    used 13741K, capacity 14877K, committed 14976K, reserved 1048576K
}
Event: 1287.410 GC heap before
{Heap before GC invocations=22 (full 4):
 PSYoungGen      total 346624K, used 337941K [0x00000000d5580000, 0x00000000eec00000, 0x0000000100000000)
  eden space 309760K, 100% used [0x00000000d5580000,0x00000000e8400000,0x00000000e8400000)
  from space 36864K, 76% used [0x00000000e8400000,0x00000000e9f85778,0x00000000ea800000)
  to   space 39936K, 0% used [0x00000000ec500000,0x00000000ec500000,0x00000000eec00000)
 ParOldGen       total 247808K, used 59811K [0x0000000080000000, 0x000000008f200000, 0x00000000d5580000)
  object space 247808K, 24% used [0x0000000080000000,0x0000000083a68d10,0x000000008f200000)
 Metaspace       used 122631K, capacity 128050K, committed 128332K, reserved 1161216K
  class space    used 15560K, capacity 16719K, committed 16768K, reserved 1048576K
Event: 1287.480 GC heap after
Heap after GC invocations=22 (full 4):
 PSYoungGen      total 337408K, used 39930K [0x00000000d5580000, 0x00000000f3f80000, 0x0000000100000000)
  eden space 297472K, 0% used [0x00000000d5580000,0x00000000d5580000,0x00000000e7800000)
  from space 39936K, 99% used [0x00000000ec500000,0x00000000eebfe880,0x00000000eec00000)
  to   space 78848K, 0% used [0x00000000e7800000,0x00000000e7800000,0x00000000ec500000)
 ParOldGen       total 247808K, used 148792K [0x0000000080000000, 0x000000008f200000, 0x00000000d5580000)
  object space 247808K, 60% used [0x0000000080000000,0x000000008914e388,0x000000008f200000)
 Metaspace       used 122631K, capacity 128050K, committed 128332K, reserved 1161216K
  class space    used 15560K, capacity 16719K, committed 16768K, reserved 1048576K
}
Event: 1315.042 GC heap before
{Heap before GC invocations=23 (full 4):
 PSYoungGen      total 337408K, used 337402K [0x00000000d5580000, 0x00000000f3f80000, 0x0000000100000000)
  eden space 297472K, 100% used [0x00000000d5580000,0x00000000e7800000,0x00000000e7800000)
  from space 39936K, 99% used [0x00000000ec500000,0x00000000eebfe880,0x00000000eec00000)
  to   space 78848K, 0% used [0x00000000e7800000,0x00000000e7800000,0x00000000ec500000)
 ParOldGen       total 247808K, used 148792K [0x0000000080000000, 0x000000008f200000, 0x00000000d5580000)
  object space 247808K, 60% used [0x0000000080000000,0x000000008914e388,0x000000008f200000)
 Metaspace       used 123361K, capacity 128940K, committed 129228K, reserved 1161216K
  class space    used 15621K, capacity 16808K, committed 16896K, reserved 1048576K
Event: 1315.092 GC heap after
Heap after GC invocations=23 (full 4):
 PSYoungGen      total 376320K, used 41133K [0x00000000d5580000, 0x00000000f2d00000, 0x0000000100000000)
  eden space 297472K, 0% used [0x00000000d5580000,0x00000000d5580000,0x00000000e7800000)
  from space 78848K, 52% used [0x00000000e7800000,0x00000000ea02b4e8,0x00000000ec500000)
  to   space 78848K, 0% used [0x00000000ee000000,0x00000000ee000000,0x00000000f2d00000)
 ParOldGen       total 247808K, used 162639K [0x0000000080000000, 0x000000008f200000, 0x00000000d5580000)
  object space 247808K, 65% used [0x0000000080000000,0x0000000089ed3cc0,0x000000008f200000)
 Metaspace       used 123361K, capacity 128940K, committed 129228K, reserved 1161216K
  class space    used 15621K, capacity 16808K, committed 16896K, reserved 1048576K
}
Event: 1341.888 GC heap before
{Heap before GC invocations=24 (full 4):
 PSYoungGen      total 376320K, used 338605K [0x00000000d5580000, 0x00000000f2d00000, 0x0000000100000000)
  eden space 297472K, 100% used [0x00000000d5580000,0x00000000e7800000,0x00000000e7800000)
  from space 78848K, 52% used [0x00000000e7800000,0x00000000ea02b4e8,0x00000000ec500000)
  to   space 78848K, 0% used [0x00000000ee000000,0x00000000ee000000,0x00000000f2d00000)
 ParOldGen       total 247808K, used 162639K [0x0000000080000000, 0x000000008f200000, 0x00000000d5580000)
  object space 247808K, 65% used [0x0000000080000000,0x0000000089ed3cc0,0x000000008f200000)
 Metaspace       used 126675K, capacity 132442K, committed 132684K, reserved 1165312K
  class space    used 15957K, capacity 17170K, committed 17280K, reserved 1048576K
Event: 1341.930 GC heap after
Heap after GC invocations=24 (full 4):
 PSYoungGen      total 399360K, used 51716K [0x00000000d5580000, 0x00000000f2f80000, 0x0000000100000000)
  eden space 320512K, 0% used [0x00000000d5580000,0x00000000d5580000,0x00000000e8e80000)
  from space 78848K, 65% used [0x00000000ee000000,0x00000000f12811f8,0x00000000f2d00000)
  to   space 82432K, 0% used [0x00000000e8e80000,0x00000000e8e80000,0x00000000edf00000)
 ParOldGen       total 247808K, used 162647K [0x0000000080000000, 0x000000008f200000, 0x00000000d5580000)
  object space 247808K, 65% used [0x0000000080000000,0x0000000089ed5cc0,0x000000008f200000)
 Metaspace       used 126675K, capacity 132442K, committed 132684K, reserved 1165312K
  class space    used 15957K, capacity 17170K, committed 17280K, reserved 1048576K
}

Deoptimization events (10 events):
Event: 1342.067 Thread 0x000000001bbbc800 Uncommon trap: reason=bimorphic action=maybe_recompile pc=0x0000000005a1ae88 method=com.google.common.collect.TransformedIterator.hasNext()Z @ 4
Event: 1342.067 Thread 0x000000001bbbc800 Uncommon trap: reason=bimorphic action=maybe_recompile pc=0x0000000005a053ac method=com.google.common.collect.TransformedIterator.next()Ljava/lang/Object; @ 5
Event: 1342.068 Thread 0x000000001bbbc800 Uncommon trap: reason=bimorphic action=maybe_recompile pc=0x0000000005a1ae88 method=com.google.common.collect.TransformedIterator.hasNext()Z @ 4
Event: 1342.068 Thread 0x000000001bbbc800 Uncommon trap: reason=bimorphic action=maybe_recompile pc=0x0000000005a053ac method=com.google.common.collect.TransformedIterator.next()Ljava/lang/Object; @ 5
Event: 1342.068 Thread 0x000000001bbbc800 Uncommon trap: reason=bimorphic action=maybe_recompile pc=0x0000000005a1ae88 method=com.google.common.collect.TransformedIterator.hasNext()Z @ 4
Event: 1342.068 Thread 0x000000001bbbc800 Uncommon trap: reason=bimorphic action=maybe_recompile pc=0x0000000005a053ac method=com.google.common.collect.TransformedIterator.next()Ljava/lang/Object; @ 5
Event: 1342.071 Thread 0x000000001afbe000 Uncommon trap: reason=bimorphic action=maybe_recompile pc=0x000000000676af18 method=java.nio.file.Files.walkFileTree(Ljava/nio/file/Path;Ljava/util/Set;ILjava/nio/file/FileVisitor;)Ljava/nio/file/Path; @ 144
Event: 1342.071 Thread 0x000000001bbbc800 Uncommon trap: reason=bimorphic action=maybe_recompile pc=0x000000000676af18 method=java.nio.file.Files.walkFileTree(Ljava/nio/file/Path;Ljava/util/Set;ILjava/nio/file/FileVisitor;)Ljava/nio/file/Path; @ 144
Event: 1342.080 Thread 0x000000001afbf000 Uncommon trap: reason=bimorphic action=maybe_recompile pc=0x000000000676af18 method=java.nio.file.Files.walkFileTree(Ljava/nio/file/Path;Ljava/util/Set;ILjava/nio/file/FileVisitor;)Ljava/nio/file/Path; @ 144
Event: 1342.265 Thread 0x000000001afc1000 Uncommon trap: reason=unloaded action=reinterpret pc=0x0000000005c5068c method=java.util.regex.Pattern.newSlice([IIZ)Ljava/util/regex/Pattern$Node; @ 68

Classes redefined (0 events):
No events

Internal exceptions (10 events):
Event: 1341.703 Thread 0x0000000020891800 Exception <a 'java/lang/NoSuchMethodError': <clinit>> (0x00000000e51a39e0) thrown at [C:\src\AOSP-openjdk-git\hotspot\src\share\vm\prims\jni.cpp, line 1615]
Event: 1342.068 Thread 0x000000001afbe000 Exception <a 'sun/nio/fs/WindowsException'> (0x00000000d60c7a68) thrown at [C:\src\AOSP-openjdk-git\hotspot\src\share\vm\prims\jni.cpp, line 710]
Event: 1342.069 Thread 0x000000001bbbc800 Exception <a 'sun/nio/fs/WindowsException'> (0x00000000d5d391c0) thrown at [C:\src\AOSP-openjdk-git\hotspot\src\share\vm\prims\jni.cpp, line 710]
Event: 1342.071 Thread 0x000000001afb4800 Exception <a 'java/lang/NoSuchMethodError': java.lang.Object.lambda$static$0(Ljava/lang/String;)Z> (0x00000000d60b7630) thrown at [C:\src\AOSP-openjdk-git\hotspot\src\share\vm\interpreter\linkResolver.cpp, line 620]
Event: 1342.080 Thread 0x000000001afbf000 Exception <a 'sun/nio/fs/WindowsException'> (0x00000000d6501348) thrown at [C:\src\AOSP-openjdk-git\hotspot\src\share\vm\prims\jni.cpp, line 710]
Event: 1342.246 Thread 0x000000001bbbc800 Exception <a 'java/lang/NoSuchMethodError': <clinit>> (0x00000000d76f8c20) thrown at [C:\src\AOSP-openjdk-git\hotspot\src\share\vm\prims\jni.cpp, line 1615]
Event: 1342.328 Thread 0x000000001d0b9000 Exception <a 'sun/nio/fs/WindowsException'> (0x00000000d87e4768) thrown at [C:\src\AOSP-openjdk-git\hotspot\src\share\vm\prims\jni.cpp, line 710]
Event: 1342.328 Thread 0x000000001afc2000 Exception <a 'sun/nio/fs/WindowsException'> (0x00000000d87cefb0) thrown at [C:\src\AOSP-openjdk-git\hotspot\src\share\vm\prims\jni.cpp, line 710]
Event: 1342.328 Thread 0x000000001d0bb800 Exception <a 'sun/nio/fs/WindowsException'> (0x00000000d8979c00) thrown at [C:\src\AOSP-openjdk-git\hotspot\src\share\vm\prims\jni.cpp, line 710]
Event: 1342.328 Thread 0x000000001afc1000 Exception <a 'sun/nio/fs/WindowsException'> (0x00000000d8648fb0) thrown at [C:\src\AOSP-openjdk-git\hotspot\src\share\vm\prims\jni.cpp, line 710]

Events (10 events):
Event: 1342.341 loading class com/android/tools/r8/graph/Z
Event: 1342.341 loading class com/android/tools/r8/graph/Z done
Event: 1342.342 loading class com/android/tools/r8/graph/t
Event: 1342.342 loading class com/android/tools/r8/graph/t done
Event: 1342.342 loading class com/android/tools/r8/graph/a0
Event: 1342.342 loading class com/android/tools/r8/graph/a0 done
Event: 1342.343 loading class com/android/tools/r8/ir/analysis/type/o
Event: 1342.343 loading class com/android/tools/r8/ir/analysis/type/o done
Event: 1342.344 loading class com/android/tools/r8/ir/analysis/type/u
Event: 1342.344 loading class com/android/tools/r8/ir/analysis/type/u done


Dynamic libraries:
0x00007ff70d680000 - 0x00007ff70d6b1000 	C:\Program Files\Android\Android Studio\jre\bin\java.exe
0x00007ffe360e0000 - 0x00007ffe362d0000 	C:\WINDOWS\SYSTEM32\ntdll.dll
0x00007ffe344b0000 - 0x00007ffe34562000 	C:\WINDOWS\System32\KERNEL32.DLL
0x00007ffe33ce0000 - 0x00007ffe33f85000 	C:\WINDOWS\System32\KERNELBASE.dll
0x00007ffe345d0000 - 0x00007ffe34673000 	C:\WINDOWS\System32\ADVAPI32.dll
0x00007ffe35950000 - 0x00007ffe359ee000 	C:\WINDOWS\System32\msvcrt.dll
0x00007ffe342b0000 - 0x00007ffe34347000 	C:\WINDOWS\System32\sechost.dll
0x00007ffe34190000 - 0x00007ffe342b0000 	C:\WINDOWS\System32\RPCRT4.dll
0x00007ffe356c0000 - 0x00007ffe35854000 	C:\WINDOWS\System32\USER32.dll
0x00007ffe340b0000 - 0x00007ffe340d1000 	C:\WINDOWS\System32\win32u.dll
0x00007ffe359f0000 - 0x00007ffe35a16000 	C:\WINDOWS\System32\GDI32.dll
0x00007ffe33070000 - 0x00007ffe33206000 	C:\WINDOWS\System32\gdi32full.dll
0x00007ffe33f90000 - 0x00007ffe3402e000 	C:\WINDOWS\System32\msvcp_win.dll
0x00007ffe333b0000 - 0x00007ffe334aa000 	C:\WINDOWS\System32\ucrtbase.dll
0x00007ffe1f750000 - 0x00007ffe1f9d4000 	C:\WINDOWS\WinSxS\amd64_microsoft.windows.common-controls_6595b64144ccf1df_6.0.18362.1139_none_9e7bf2d3e4605ac6\COMCTL32.dll
0x00007ffe34c30000 - 0x00007ffe34f65000 	C:\WINDOWS\System32\combase.dll
0x00007ffe334b0000 - 0x00007ffe33530000 	C:\WINDOWS\System32\bcryptPrimitives.dll
0x00007ffe35920000 - 0x00007ffe3594e000 	C:\WINDOWS\System32\IMM32.DLL
0x000000006dc60000 - 0x000000006dd32000 	C:\Program Files\Android\Android Studio\jre\jre\bin\msvcr100.dll
0x000000006de20000 - 0x000000006e66b000 	C:\Program Files\Android\Android Studio\jre\jre\bin\server\jvm.dll
0x00007ffe344a0000 - 0x00007ffe344a8000 	C:\WINDOWS\System32\PSAPI.DLL
0x00007ffe2d3c0000 - 0x00007ffe2d3e4000 	C:\WINDOWS\SYSTEM32\WINMM.dll
0x00007ffe2d7a0000 - 0x00007ffe2d7aa000 	C:\WINDOWS\SYSTEM32\VERSION.dll
0x00007ffe1ed30000 - 0x00007ffe1ed39000 	C:\WINDOWS\SYSTEM32\WSOCK32.dll
0x00007ffe34750000 - 0x00007ffe347bf000 	C:\WINDOWS\System32\WS2_32.dll
0x00007ffe2d800000 - 0x00007ffe2d82d000 	C:\WINDOWS\SYSTEM32\WINMMBASE.dll
0x00007ffe33210000 - 0x00007ffe3325a000 	C:\WINDOWS\System32\cfgmgr32.dll
0x00007ffe26c20000 - 0x00007ffe26c2f000 	C:\Program Files\Android\Android Studio\jre\jre\bin\verify.dll
0x00007ffe06470000 - 0x00007ffe06499000 	C:\Program Files\Android\Android Studio\jre\jre\bin\java.dll
0x00007ffe211b0000 - 0x00007ffe211c6000 	C:\Program Files\Android\Android Studio\jre\jre\bin\zip.dll
0x00007ffe34f70000 - 0x00007ffe35657000 	C:\WINDOWS\System32\SHELL32.dll
0x00007ffe35bf0000 - 0x00007ffe35c99000 	C:\WINDOWS\System32\shcore.dll
0x00007ffe33530000 - 0x00007ffe33cb0000 	C:\WINDOWS\System32\windows.storage.dll
0x00007ffe32fb0000 - 0x00007ffe32fd3000 	C:\WINDOWS\System32\profapi.dll
0x00007ffe33020000 - 0x00007ffe3306a000 	C:\WINDOWS\System32\powrprof.dll
0x00007ffe32fa0000 - 0x00007ffe32fb0000 	C:\WINDOWS\System32\UMPDC.dll
0x00007ffe34570000 - 0x00007ffe345c2000 	C:\WINDOWS\System32\shlwapi.dll
0x00007ffe33000000 - 0x00007ffe33011000 	C:\WINDOWS\System32\kernel.appcore.dll
0x00007ffe34090000 - 0x00007ffe340a7000 	C:\WINDOWS\System32\cryptsp.dll
0x00007ffe178c0000 - 0x00007ffe178da000 	C:\Program Files\Android\Android Studio\jre\jre\bin\net.dll
0x00007ffe327f0000 - 0x00007ffe32857000 	C:\WINDOWS\system32\mswsock.dll
0x00007ffe15f30000 - 0x00007ffe15f43000 	C:\Program Files\Android\Android Studio\jre\jre\bin\nio.dll
0x00007ffe211e0000 - 0x00007ffe21207000 	C:\Users\ADMIN\.gradle\native\f6784746aeab05261644944871eae4fe03e0ef1612fff0a4a95f87b438bc6780\windows-amd64\native-platform.dll
0x00007ffe26a60000 - 0x00007ffe26a6d000 	C:\Program Files\Android\Android Studio\jre\jre\bin\management.dll
0x00007ffe32360000 - 0x00007ffe32393000 	C:\WINDOWS\system32\rsaenh.dll
0x00007ffe33cb0000 - 0x00007ffe33cd6000 	C:\WINDOWS\System32\bcrypt.dll
0x00007ffe32ec0000 - 0x00007ffe32ee5000 	C:\WINDOWS\SYSTEM32\USERENV.dll
0x00007ffe329c0000 - 0x00007ffe329cc000 	C:\WINDOWS\SYSTEM32\CRYPTBASE.dll
0x00007ffe32500000 - 0x00007ffe3253a000 	C:\WINDOWS\SYSTEM32\IPHLPAPI.DLL
0x00007ffe35e00000 - 0x00007ffe35e08000 	C:\WINDOWS\System32\NSI.dll
0x00007ffe2c760000 - 0x00007ffe2c776000 	C:\WINDOWS\SYSTEM32\dhcpcsvc6.DLL
0x00007ffe2cb50000 - 0x00007ffe2cb6c000 	C:\WINDOWS\SYSTEM32\dhcpcsvc.DLL
0x00007ffe32540000 - 0x00007ffe3260b000 	C:\WINDOWS\SYSTEM32\DNSAPI.dll
0x00007ffe2c7a0000 - 0x00007ffe2c7ab000 	C:\WINDOWS\SYSTEM32\WINNSI.DLL
0x00007ffe06070000 - 0x00007ffe06094000 	C:\Program Files\Android\Android Studio\jre\jre\bin\sunec.dll
0x00007ffe2c2e0000 - 0x00007ffe2c2ea000 	C:\Windows\System32\rasadhlp.dll
0x00007ffe2bf10000 - 0x00007ffe2bf87000 	C:\WINDOWS\System32\fwpuclnt.dll
0x00007ffe22f20000 - 0x00007ffe22f2b000 	C:\Program Files\Android\Android Studio\jre\jre\bin\sunmscapi.dll
0x00007ffe33260000 - 0x00007ffe333a9000 	C:\WINDOWS\System32\CRYPT32.dll
0x00007ffe32fe0000 - 0x00007ffe32ff2000 	C:\WINDOWS\System32\MSASN1.dll
0x00007ffe31fc0000 - 0x00007ffe31ff1000 	C:\WINDOWS\SYSTEM32\ntmarta.dll
0x00007ffe2db00000 - 0x00007ffe2db1e000 	C:\Users\ADMIN\AppData\Local\Temp\native-platform6187315480515205996dir\native-platform.dll
0x0000000066e00000 - 0x0000000066f03000 	C:\Users\ADMIN\AppData\Local\Temp\sqlite-3.25.2-f1aaaa1e-b46f-40b7-9140-13269f121562-sqlitejdbc.dll

VM Arguments:
jvm_args: -Xmx2048m -Dfile.encoding=windows-1252 -Duser.country=US -Duser.language=en -Duser.variant 
java_command: org.gradle.launcher.daemon.bootstrap.GradleDaemon 6.5
java_class_path (initial): C:\Users\ADMIN\.gradle\wrapper\dists\gradle-6.5-all\2oz4ud9k3tuxjg84bbf55q0tn\gradle-6.5\lib\gradle-launcher-6.5.jar
Launcher Type: SUN_STANDARD

Environment Variables:
JAVA_HOME=C:\Program Files (x86)\Java\jdk1.8.0_181
PATH=C:\Program Files (x86)\Intel\Intel(R) Management Engine Components\iCLS\;C:\Program Files\Intel\Intel(R) Management Engine Components\iCLS\;C:\WINDOWS\system32;C:\WINDOWS;C:\WINDOWS\System32\Wbem;C:\WINDOWS\System32\WindowsPowerShell\v1.0\;C:\Program Files (x86)\Intel\Intel(R) Management Engine Components\DAL;C:\Program Files\Intel\Intel(R) Management Engine Components\DAL;C:\Program Files (x86)\Intel\Intel(R) Management Engine Components\IPT;C:\Program Files\Intel\Intel(R) Management Engine Components\IPT;C:\Program Files\Microsoft SQL Server\110\Tools\Binn\;C:\Program Files\dotnet\;C:\Program Files\Microsoft SQL Server\130\Tools\Binn\;C:\WINDOWS\System32\OpenSSH\;C:\Program Files (x86)\Microsoft SQL Server\Client SDK\ODBC\110\Tools\Binn\;C:\Program Files (x86)\Microsoft SQL Server\120\Tools\Binn\;C:\Program Files (x86)\Microsoft SQL Server\120\DTS\Binn\;C:\Program Files (x86)\Microsoft SQL Server\120\Tools\Binn\ManagementStudio\;C:\Users\ADMIN\Downloads\cmake-3.15.0-rc1-win64-x64\bin;C:\Program Files\Git\cmd;C:\Ruby27-x64\bin;C:\Ruby26-x64\bin;C:\Users\ADMIN\AppData\Local\Programs\Python\Python37\Scripts\;C:\Users\ADMIN\AppData\Local\Programs\Python\Python37\;C:\Users\ADMIN\AppData\Local\Microsoft\WindowsApps
USERNAME=ADMIN
OS=Windows_NT
PROCESSOR_IDENTIFIER=Intel64 Family 6 Model 142 Stepping 10, GenuineIntel



---------------  S Y S T E M  ---------------

OS: Windows 10.0 , 64 bit Build 18362 (10.0.18362.1110)

CPU:total 8 (initial active 8) (4 cores per cpu, 2 threads per core) family 6 model 142 stepping 10, cmov, cx8, fxsr, mmx, sse, sse2, sse3, ssse3, sse4.1, sse4.2, popcnt, avx, avx2, aes, clmul, erms, 3dnowpref, lzcnt, ht, tsc, tscinvbit, bmi1, bmi2, adx

Memory: 4k page, physical 12478204k(1726536k free), swap 14526204k(7836k free)

vm_info: OpenJDK 64-Bit Server VM (25.242-b01) for windows-amd64 JRE (1.8.0_242-release-1644-b01), built by "builder" with MS VC++ 10.0 (VS2010)

time: Mon Dec 21 15:01:40 2020
timezone: SE Asia Standard Time
elapsed time: 1342 seconds (0d 0h 22m 22s)

