#
# There is insufficient memory for the Java Runtime Environment to continue.
# Native memory allocation (malloc) failed to allocate 1920256 bytes for Chunk::new
# Possible reasons:
#   The system is out of physical RAM or swap space
#   The process is running with CompressedOops enabled, and the Java Heap may be blocking the growth of the native heap
# Possible solutions:
#   Reduce memory load on the system
#   Increase physical memory or swap space
#   Check if swap backing store is full
#   Decrease Java heap size (-Xmx/-Xms)
#   Decrease number of Java threads
#   Decrease Java thread stack sizes (-Xss)
#   Set larger code cache with -XX:ReservedCodeCacheSize=
#   JVM is running with Unscaled Compressed Oops mode in which the Java heap is
#     placed in the first 4GB address space. The Java Heap base address is the
#     maximum limit for the native heap growth. Please use -XX:HeapBaseMinAddress
#     to set the Java Heap base and to place the Java Heap above 4GB virtual address.
# This output file may be truncated or incomplete.
#
#  Out of Memory Error (allocation.cpp:389), pid=17368, tid=0x0000000000000acc
#
# JRE version: OpenJDK Runtime Environment (8.0_242-b01) (build 1.8.0_242-release-1644-b01)
# Java VM: OpenJDK 64-Bit Server VM (25.242-b01 mixed mode windows-amd64 compressed oops)
# Failed to write core dump. Minidumps are not enabled by default on client versions of Windows
#

---------------  T H R E A D  ---------------

Current thread (0x0000000019f3b000):  JavaThread "C2 CompilerThread2" daemon [_thread_in_native, id=2764, stack(0x000000001aa20000,0x000000001ab20000)]

Stack: [0x000000001aa20000,0x000000001ab20000]
[error occurred during error reporting (printing stack bounds), id 0xc0000005]

Native frames: (J=compiled Java code, j=interpreted, Vv=VM code, C=native code)


Current CompileTask:
C2:  87774 25238       4       com.sun.tools.javac.comp.Resolve::findMethod (432 bytes)


---------------  P R O C E S S  ---------------

Java Threads: ( => current thread )
  0x00000000359e0800 JavaThread "RMI TCP Connection(5)-127.0.0.1" daemon [_thread_in_native, id=11280, stack(0x0000000032ce0000,0x0000000032de0000)]
  0x00000000359df000 JavaThread "RMI RenewClean-[127.0.0.1:17082,org.jetbrains.kotlin.daemon.common.LoopbackNetworkInterface$ClientLoopbackSocketFactory@2e798b95]" daemon [_thread_blocked, id=15176, stack(0x0000000032430000,0x0000000032530000)]
  0x00000000359db000 JavaThread "WorkerExecutor Queue" [_thread_blocked, id=13920, stack(0x0000000031550000,0x0000000031650000)]
  0x00000000359d7800 JavaThread "Cache worker for execution history cache (G:\US\thuchanh\Year3\habit_tracker\.gradle\6.5\executionHistory)" [_thread_blocked, id=18096, stack(0x0000000030ff0000,0x00000000310f0000)]
  0x00000000359d5000 JavaThread "Execution worker for ':' Thread 7" [_thread_blocked, id=9524, stack(0x0000000030ef0000,0x0000000030ff0000)]
  0x00000000359d8000 JavaThread "Execution worker for ':' Thread 6" [_thread_blocked, id=3396, stack(0x000000002fa20000,0x000000002fb20000)]
  0x00000000359d6800 JavaThread "Execution worker for ':' Thread 5" [_thread_blocked, id=17020, stack(0x000000002f920000,0x000000002fa20000)]
  0x00000000359d3800 JavaThread "Execution worker for ':' Thread 4" [_thread_blocked, id=8656, stack(0x000000002f820000,0x000000002f920000)]
  0x00000000359d3000 JavaThread "Execution worker for ':' Thread 3" [_thread_blocked, id=1252, stack(0x000000002f2b0000,0x000000002f3b0000)]
  0x00000000359d9000 JavaThread "Execution worker for ':' Thread 2" [_thread_in_native, id=18328, stack(0x000000002e1b0000,0x000000002e2b0000)]
  0x00000000359d4800 JavaThread "Execution worker for ':'" [_thread_blocked, id=14552, stack(0x000000002deb0000,0x000000002dfb0000)]
  0x00000000359d1800 JavaThread "Cache worker for file content cache (G:\US\thuchanh\Year3\habit_tracker\.gradle\6.5\fileContent)" [_thread_blocked, id=17224, stack(0x000000002c980000,0x000000002ca80000)]
  0x00000000359d0000 JavaThread "Cache worker for Build Output Cleanup Cache (G:\US\thuchanh\Year3\habit_tracker\.gradle\buildOutputCleanup)" [_thread_blocked, id=4968, stack(0x000000002c880000,0x000000002c980000)]
  0x00000000359c9000 JavaThread "jar transforms Thread 232" [_thread_blocked, id=10580, stack(0x000000002c780000,0x000000002c880000)]
  0x00000000359c8800 JavaThread "jar transforms Thread 231" [_thread_blocked, id=16348, stack(0x000000002c680000,0x000000002c780000)]
  0x00000000359cc000 JavaThread "jar transforms Thread 230" [_thread_blocked, id=14396, stack(0x000000002c580000,0x000000002c680000)]
  0x00000000359cf000 JavaThread "jar transforms Thread 229" [_thread_blocked, id=18168, stack(0x000000002c480000,0x000000002c580000)]
  0x00000000359ce800 JavaThread "jar transforms Thread 228" [_thread_blocked, id=16180, stack(0x000000002c380000,0x000000002c480000)]
  0x00000000359cd800 JavaThread "jar transforms Thread 227" [_thread_blocked, id=5880, stack(0x000000002c280000,0x000000002c380000)]
  0x00000000359ca000 JavaThread "jar transforms Thread 226" [_thread_blocked, id=1860, stack(0x000000002c180000,0x000000002c280000)]
  0x000000001d0c4000 JavaThread "jar transforms Thread 225" [_thread_blocked, id=13656, stack(0x000000002c080000,0x000000002c180000)]
  0x000000001d0c3800 JavaThread "jar transforms Thread 224" [_thread_blocked, id=5012, stack(0x000000002bf80000,0x000000002c080000)]
  0x000000001d0c2800 JavaThread "jar transforms Thread 223" [_thread_blocked, id=17552, stack(0x000000002be80000,0x000000002bf80000)]
  0x000000001d0c2000 JavaThread "jar transforms Thread 222" [_thread_blocked, id=14280, stack(0x000000002bd80000,0x000000002be80000)]
  0x000000001d0c1000 JavaThread "jar transforms Thread 221" [_thread_blocked, id=13364, stack(0x000000002bc80000,0x000000002bd80000)]
  0x000000001d0c0800 JavaThread "jar transforms Thread 220" [_thread_blocked, id=2436, stack(0x000000002bb80000,0x000000002bc80000)]
  0x000000001d0bf800 JavaThread "jar transforms Thread 219" [_thread_blocked, id=18112, stack(0x000000002b880000,0x000000002b980000)]
  0x000000001d0c6800 JavaThread "jar transforms Thread 218" [_thread_blocked, id=8644, stack(0x000000002b780000,0x000000002b880000)]
  0x000000001d0c5800 JavaThread "jar transforms Thread 217" [_thread_blocked, id=16008, stack(0x000000002b680000,0x000000002b780000)]
  0x000000001d0c5000 JavaThread "jar transforms Thread 216" [_thread_blocked, id=10932, stack(0x000000002b580000,0x000000002b680000)]
  0x000000001d0b8000 JavaThread "jar transforms Thread 215" [_thread_blocked, id=7580, stack(0x000000002b480000,0x000000002b580000)]
  0x000000001d0bf000 JavaThread "jar transforms Thread 214" [_thread_blocked, id=9508, stack(0x000000002b380000,0x000000002b480000)]
  0x000000001d0b7800 JavaThread "jar transforms Thread 213" [_thread_blocked, id=15044, stack(0x000000002b280000,0x000000002b380000)]
  0x000000001d0ba800 JavaThread "jar transforms Thread 212" [_thread_blocked, id=16440, stack(0x000000002b180000,0x000000002b280000)]
  0x000000001d0b9000 JavaThread "jar transforms Thread 211" [_thread_blocked, id=14256, stack(0x000000002b080000,0x000000002b180000)]
  0x000000001d0be000 JavaThread "jar transforms Thread 210" [_thread_blocked, id=10640, stack(0x000000002af80000,0x000000002b080000)]
  0x000000001d0bb000 JavaThread "jar transforms Thread 209" [_thread_blocked, id=7344, stack(0x000000002ae80000,0x000000002af80000)]
  0x000000001d0b9800 JavaThread "jar transforms Thread 208" [_thread_blocked, id=16316, stack(0x000000002ad80000,0x000000002ae80000)]
  0x000000001d0bd800 JavaThread "jar transforms Thread 207" [_thread_blocked, id=12392, stack(0x000000002ac80000,0x000000002ad80000)]
  0x000000001d0bc800 JavaThread "jar transforms Thread 206" [_thread_blocked, id=4816, stack(0x000000002ab80000,0x000000002ac80000)]
  0x000000001d0bc000 JavaThread "jar transforms Thread 205" [_thread_blocked, id=2728, stack(0x000000002aa80000,0x000000002ab80000)]
  0x0000000023e09800 JavaThread "jar transforms Thread 204" [_thread_blocked, id=15384, stack(0x000000002a980000,0x000000002aa80000)]
  0x0000000023e08800 JavaThread "jar transforms Thread 203" [_thread_blocked, id=18340, stack(0x000000002a880000,0x000000002a980000)]
  0x0000000023e08000 JavaThread "jar transforms Thread 202" [_thread_blocked, id=11936, stack(0x000000002a780000,0x000000002a880000)]
  0x0000000023e07000 JavaThread "jar transforms Thread 201" [_thread_blocked, id=11836, stack(0x000000002a680000,0x000000002a780000)]
  0x0000000023e06800 JavaThread "jar transforms Thread 200" [_thread_blocked, id=3892, stack(0x000000002a580000,0x000000002a680000)]
  0x0000000023dff000 JavaThread "jar transforms Thread 199" [_thread_blocked, id=7848, stack(0x000000002a480000,0x000000002a580000)]
  0x0000000023e05800 JavaThread "jar transforms Thread 198" [_thread_blocked, id=15716, stack(0x000000002a380000,0x000000002a480000)]
  0x0000000023dfe000 JavaThread "jar transforms Thread 197" [_thread_blocked, id=8664, stack(0x000000002a280000,0x000000002a380000)]
  0x0000000023e05000 JavaThread "jar transforms Thread 196" [_thread_blocked, id=13044, stack(0x000000002a180000,0x000000002a280000)]
  0x0000000023dfd800 JavaThread "jar transforms Thread 195" [_thread_blocked, id=784, stack(0x000000002a080000,0x000000002a180000)]
  0x0000000023e03800 JavaThread "jar transforms Thread 194" [_thread_blocked, id=15060, stack(0x0000000029f80000,0x000000002a080000)]
  0x0000000023e02000 JavaThread "jar transforms Thread 193" [_thread_blocked, id=14940, stack(0x0000000029e80000,0x0000000029f80000)]
  0x0000000023e02800 JavaThread "jar transforms Thread 192" [_thread_blocked, id=4856, stack(0x0000000029d80000,0x0000000029e80000)]
  0x0000000023e04000 JavaThread "jar transforms Thread 191" [_thread_blocked, id=17260, stack(0x0000000029c80000,0x0000000029d80000)]
  0x0000000023dfa800 JavaThread "jar transforms Thread 190" [_thread_blocked, id=13208, stack(0x0000000029b80000,0x0000000029c80000)]
  0x0000000023dfc800 JavaThread "jar transforms Thread 189" [_thread_blocked, id=17452, stack(0x0000000029a80000,0x0000000029b80000)]
  0x0000000023dff800 JavaThread "jar transforms Thread 188" [_thread_blocked, id=5200, stack(0x0000000029980000,0x0000000029a80000)]
  0x0000000023e00800 JavaThread "jar transforms Thread 187" [_thread_blocked, id=15644, stack(0x0000000029880000,0x0000000029980000)]
  0x0000000023dfc000 JavaThread "jar transforms Thread 186" [_thread_blocked, id=11444, stack(0x0000000029780000,0x0000000029880000)]
  0x0000000023e01000 JavaThread "jar transforms Thread 185" [_thread_blocked, id=17252, stack(0x0000000029680000,0x0000000029780000)]
  0x0000000023dfb000 JavaThread "jar transforms Thread 184" [_thread_blocked, id=15704, stack(0x0000000029580000,0x0000000029680000)]
  0x000000001b0b7000 JavaThread "jar transforms Thread 183" [_thread_blocked, id=18364, stack(0x0000000029480000,0x0000000029580000)]
  0x000000001b0ad000 JavaThread "jar transforms Thread 182" [_thread_blocked, id=9788, stack(0x0000000029380000,0x0000000029480000)]
  0x000000001b0ac000 JavaThread "jar transforms Thread 181" [_thread_blocked, id=6060, stack(0x0000000029280000,0x0000000029380000)]
  0x000000001b0b2800 JavaThread "jar transforms Thread 180" [_thread_blocked, id=17528, stack(0x0000000029180000,0x0000000029280000)]
  0x000000001b0b1800 JavaThread "jar transforms Thread 179" [_thread_blocked, id=15456, stack(0x0000000029080000,0x0000000029180000)]
  0x000000001b0b0000 JavaThread "jar transforms Thread 178" [_thread_blocked, id=4592, stack(0x0000000028f80000,0x0000000029080000)]
  0x000000001cb57000 JavaThread "jar transforms Thread 177" [_thread_blocked, id=12128, stack(0x0000000028e80000,0x0000000028f80000)]
  0x000000001cb56800 JavaThread "jar transforms Thread 176" [_thread_blocked, id=16748, stack(0x0000000028d80000,0x0000000028e80000)]
  0x000000001cb52800 JavaThread "jar transforms Thread 175" [_thread_blocked, id=10104, stack(0x0000000028c80000,0x0000000028d80000)]
  0x000000001cb55800 JavaThread "jar transforms Thread 174" [_thread_blocked, id=12404, stack(0x0000000028b80000,0x0000000028c80000)]
  0x000000001cb53800 JavaThread "jar transforms Thread 173" [_thread_blocked, id=16124, stack(0x0000000028a80000,0x0000000028b80000)]
  0x000000001cb54000 JavaThread "jar transforms Thread 172" [_thread_blocked, id=12092, stack(0x0000000028980000,0x0000000028a80000)]
  0x000000001cb52000 JavaThread "jar transforms Thread 171" [_thread_blocked, id=1832, stack(0x0000000028880000,0x0000000028980000)]
  0x000000001cb51000 JavaThread "jar transforms Thread 170" [_thread_blocked, id=12380, stack(0x0000000028780000,0x0000000028880000)]
  0x0000000021094000 JavaThread "jar transforms Thread 169" [_thread_blocked, id=14960, stack(0x0000000028680000,0x0000000028780000)]
  0x0000000021093000 JavaThread "jar transforms Thread 168" [_thread_blocked, id=12084, stack(0x0000000028580000,0x0000000028680000)]
  0x0000000021088800 JavaThread "jar transforms Thread 167" [_thread_blocked, id=1100, stack(0x0000000028480000,0x0000000028580000)]
  0x000000002108f800 JavaThread "jar transforms Thread 166" [_thread_blocked, id=7632, stack(0x0000000028380000,0x0000000028480000)]
  0x000000002108e800 JavaThread "jar transforms Thread 165" [_thread_blocked, id=3460, stack(0x0000000028280000,0x0000000028380000)]
  0x0000000021087000 JavaThread "jar transforms Thread 164" [_thread_blocked, id=9352, stack(0x0000000028180000,0x0000000028280000)]
  0x000000002108e000 JavaThread "jar transforms Thread 163" [_thread_blocked, id=9032, stack(0x0000000028080000,0x0000000028180000)]
  0x0000000021086000 JavaThread "jar transforms Thread 162" [_thread_blocked, id=11692, stack(0x0000000027f80000,0x0000000028080000)]
  0x000000002108d000 JavaThread "jar transforms Thread 161" [_thread_blocked, id=17908, stack(0x0000000027e80000,0x0000000027f80000)]
  0x000000002108a000 JavaThread "jar transforms Thread 160" [_thread_blocked, id=16672, stack(0x0000000027d80000,0x0000000027e80000)]
  0x0000000021084800 JavaThread "jar transforms Thread 159" [_thread_blocked, id=14648, stack(0x0000000027c80000,0x0000000027d80000)]
  0x0000000021cae000 JavaThread "jar transforms Thread 158" [_thread_blocked, id=7652, stack(0x0000000027b80000,0x0000000027c80000)]
  0x0000000021cb1800 JavaThread "jar transforms Thread 157" [_thread_blocked, id=15272, stack(0x0000000027a80000,0x0000000027b80000)]
  0x0000000021cb4800 JavaThread "jar transforms Thread 156" [_thread_blocked, id=17428, stack(0x0000000027980000,0x0000000027a80000)]
  0x0000000021cae800 JavaThread "jar transforms Thread 155" [_thread_blocked, id=8364, stack(0x0000000027880000,0x0000000027980000)]
  0x0000000021cb1000 JavaThread "jar transforms Thread 154" [_thread_blocked, id=17108, stack(0x0000000027780000,0x0000000027880000)]
  0x0000000021cb0000 JavaThread "jar transforms Thread 153" [_thread_blocked, id=9276, stack(0x0000000027680000,0x0000000027780000)]
  0x0000000021caf800 JavaThread "jar transforms Thread 152" [_thread_blocked, id=4980, stack(0x0000000027580000,0x0000000027680000)]
  0x0000000021cb3000 JavaThread "jar transforms Thread 151" [_thread_blocked, id=2984, stack(0x0000000027480000,0x0000000027580000)]
  0x0000000021cb4000 JavaThread "jar transforms Thread 150" [_thread_blocked, id=9040, stack(0x0000000027380000,0x0000000027480000)]
  0x0000000021cb2800 JavaThread "jar transforms Thread 149" [_thread_blocked, id=4896, stack(0x0000000027280000,0x0000000027380000)]
  0x0000000021ca6800 JavaThread "jar transforms Thread 148" [_thread_blocked, id=3200, stack(0x0000000027180000,0x0000000027280000)]
  0x0000000021cad000 JavaThread "jar transforms Thread 147" [_thread_blocked, id=12664, stack(0x0000000027080000,0x0000000027180000)]
  0x0000000021ca5800 JavaThread "jar transforms Thread 146" [_thread_blocked, id=12496, stack(0x0000000026f80000,0x0000000027080000)]
  0x0000000021ca8000 JavaThread "jar transforms Thread 145" [_thread_blocked, id=12520, stack(0x0000000026e80000,0x0000000026f80000)]
  0x00000000241c0000 JavaThread "jar transforms Thread 144" [_thread_blocked, id=3480, stack(0x0000000026d80000,0x0000000026e80000)]
  0x00000000241bf800 JavaThread "jar transforms Thread 143" [_thread_blocked, id=1624, stack(0x0000000026c80000,0x0000000026d80000)]
  0x00000000241be800 JavaThread "jar transforms Thread 142" [_thread_blocked, id=13468, stack(0x0000000026b80000,0x0000000026c80000)]
  0x00000000241be000 JavaThread "jar transforms Thread 141" [_thread_blocked, id=10660, stack(0x0000000026a80000,0x0000000026b80000)]
  0x00000000241bd000 JavaThread "jar transforms Thread 140" [_thread_blocked, id=14700, stack(0x0000000026980000,0x0000000026a80000)]
  0x00000000241b5800 JavaThread "jar transforms Thread 139" [_thread_blocked, id=15472, stack(0x0000000026880000,0x0000000026980000)]
  0x00000000241bc800 JavaThread "jar transforms Thread 138" [_thread_blocked, id=13684, stack(0x0000000026780000,0x0000000026880000)]
  0x00000000241b5000 JavaThread "jar transforms Thread 137" [_thread_blocked, id=1752, stack(0x0000000026680000,0x0000000026780000)]
  0x00000000241b7000 JavaThread "jar transforms Thread 136" [_thread_blocked, id=8044, stack(0x0000000026580000,0x0000000026680000)]
  0x00000000241bb800 JavaThread "jar transforms Thread 135" [_thread_blocked, id=4288, stack(0x0000000026480000,0x0000000026580000)]
  0x00000000241b8000 JavaThread "jar transforms Thread 134" [_thread_blocked, id=18208, stack(0x0000000026380000,0x0000000026480000)]
  0x00000000241b4000 JavaThread "jar transforms Thread 133" [_thread_blocked, id=10112, stack(0x0000000026280000,0x0000000026380000)]
  0x00000000241bb000 JavaThread "jar transforms Thread 132" [_thread_blocked, id=9076, stack(0x0000000026180000,0x0000000026280000)]
  0x00000000241b3800 JavaThread "jar transforms Thread 131" [_thread_blocked, id=18080, stack(0x0000000026080000,0x0000000026180000)]
  0x00000000241ba000 JavaThread "jar transforms Thread 130" [_thread_blocked, id=5428, stack(0x0000000025f80000,0x0000000026080000)]
  0x00000000241b9800 JavaThread "jar transforms Thread 129" [_thread_blocked, id=12828, stack(0x0000000025e80000,0x0000000025f80000)]
  0x0000000023fac000 JavaThread "jar transforms Thread 128" [_thread_blocked, id=17468, stack(0x0000000025d80000,0x0000000025e80000)]
  0x0000000023fab000 JavaThread "jar transforms Thread 127" [_thread_blocked, id=16020, stack(0x0000000025c80000,0x0000000025d80000)]
  0x0000000023fa3800 JavaThread "jar transforms Thread 126" [_thread_blocked, id=6424, stack(0x0000000025b80000,0x0000000025c80000)]
  0x0000000023fa5000 JavaThread "jar transforms Thread 125" [_thread_blocked, id=7240, stack(0x0000000025a80000,0x0000000025b80000)]
  0x0000000023faa800 JavaThread "jar transforms Thread 124" [_thread_blocked, id=18052, stack(0x0000000025980000,0x0000000025a80000)]
  0x0000000023fa3000 JavaThread "jar transforms Thread 123" [_thread_blocked, id=15136, stack(0x0000000025880000,0x0000000025980000)]
  0x0000000023fa9800 JavaThread "jar transforms Thread 122" [_thread_blocked, id=9148, stack(0x0000000025580000,0x0000000025680000)]
  0x0000000023fa2000 JavaThread "jar transforms Thread 121" [_thread_blocked, id=1960, stack(0x0000000025480000,0x0000000025580000)]
  0x0000000023fa7800 JavaThread "jar transforms Thread 120" [_thread_blocked, id=14568, stack(0x0000000025380000,0x0000000025480000)]
  0x0000000023fa4800 JavaThread "jar transforms Thread 119" [_thread_blocked, id=2580, stack(0x0000000025280000,0x0000000025380000)]
  0x0000000023fa9000 JavaThread "jar transforms Thread 118" [_thread_blocked, id=11952, stack(0x0000000025180000,0x0000000025280000)]
  0x0000000023fa1800 JavaThread "jar transforms Thread 117" [_thread_blocked, id=2096, stack(0x0000000025080000,0x0000000025180000)]
  0x0000000023fa8000 JavaThread "Build operations Thread 8" [_thread_blocked, id=11988, stack(0x0000000024f80000,0x0000000025080000)]
  0x0000000023fa6800 JavaThread "Build operations Thread 7" [_thread_blocked, id=15388, stack(0x0000000024e80000,0x0000000024f80000)]
  0x0000000023fa6000 JavaThread "Build operations Thread 6" [_thread_blocked, id=3592, stack(0x0000000022f40000,0x0000000023040000)]
  0x0000000023fa0000 JavaThread "Build operations Thread 5" [_thread_blocked, id=10728, stack(0x0000000022e40000,0x0000000022f40000)]
  0x0000000023fa0800 JavaThread "Build operations Thread 4" [_thread_blocked, id=11276, stack(0x0000000022d40000,0x0000000022e40000)]
  0x0000000023f97000 JavaThread "Build operations Thread 3" [_thread_blocked, id=13428, stack(0x0000000022c40000,0x0000000022d40000)]
  0x0000000023f9d800 JavaThread "Build operations Thread 2" [_thread_blocked, id=5468, stack(0x0000000022940000,0x0000000022a40000)]
  0x0000000023f96000 JavaThread "Build operations" [_thread_blocked, id=10208, stack(0x0000000021790000,0x0000000021890000)]
  0x0000000023f9d000 JavaThread "Cache worker for cache directory md-rule (C:\Users\ADMIN\.gradle\caches\6.5\md-rule)" [_thread_blocked, id=17924, stack(0x00000000213e0000,0x00000000214e0000)]
  0x0000000023f9b800 JavaThread "Cache worker for cache directory md-supplier (C:\Users\ADMIN\.gradle\caches\6.5\md-supplier)" [_thread_blocked, id=12608, stack(0x00000000212e0000,0x00000000213e0000)]
  0x0000000023f9a000 JavaThread "Cache worker for checksums cache (G:\US\thuchanh\Year3\habit_tracker\.gradle\checksums)" [_thread_blocked, id=11112, stack(0x00000000211e0000,0x00000000212e0000)]
  0x0000000023f9c000 JavaThread "Cache worker for file hash cache (G:\US\thuchanh\Year3\habit_tracker\.gradle\6.5\fileHashes)" [_thread_in_Java, id=13376, stack(0x000000001ea40000,0x000000001eb40000)]
  0x0000000023f99000 JavaThread "Thread-170" [_thread_blocked, id=10176, stack(0x000000001e940000,0x000000001ea40000)]
  0x0000000023f9a800 JavaThread "Stdin handler" [_thread_blocked, id=1416, stack(0x000000001e840000,0x000000001e940000)]
  0x0000000023f94800 JavaThread "Asynchronous log dispatcher for DefaultDaemonConnection: socket connection from /127.0.0.1:58043 to /127.0.0.1:58061" [_thread_blocked, id=13768, stack(0x0000000001520000,0x0000000001620000)]
  0x0000000023f94000 JavaThread "Cancel handler" [_thread_blocked, id=8788, stack(0x0000000001420000,0x0000000001520000)]
  0x0000000023f95800 JavaThread "Handler for socket connection from /127.0.0.1:58043 to /127.0.0.1:58061" [_thread_in_native, id=16204, stack(0x0000000001320000,0x0000000001420000)]
  0x0000000023f8d800 JavaThread "ForkJoinPool.commonPool-worker-5" daemon [_thread_blocked, id=10896, stack(0x0000000036470000,0x0000000036570000)]
  0x0000000023f92800 JavaThread "ForkJoinPool.commonPool-worker-1" daemon [_thread_blocked, id=2584, stack(0x0000000031450000,0x0000000031550000)]
  0x00000000241b2800 JavaThread "Cache worker for Java compile cache (C:\Users\ADMIN\.gradle\caches\6.5\javaCompile)" [_thread_blocked, id=9972, stack(0x0000000033d10000,0x0000000033e10000)]
  0x000000001b0ba800 JavaThread "RMI TCP Connection(idle)" daemon [_thread_blocked, id=10108, stack(0x0000000033930000,0x0000000033a30000)]
  0x000000001b0b4000 JavaThread "RMI TCP Connection(idle)" daemon [_thread_blocked, id=10220, stack(0x0000000033430000,0x0000000033530000)]
  0x000000001b0b5800 JavaThread "RMI Reaper" [_thread_blocked, id=17500, stack(0x0000000033330000,0x0000000033430000)]
  0x000000001b0b4800 JavaThread "RMI TCP Accept-0" daemon [_thread_in_native, id=15200, stack(0x0000000033230000,0x0000000033330000)]
  0x000000001b0ab800 JavaThread "GC Daemon" daemon [_thread_blocked, id=13788, stack(0x0000000033130000,0x0000000033230000)]
  0x000000001b0b1000 JavaThread "RMI Scheduler(0)" daemon [_thread_blocked, id=12424, stack(0x0000000032be0000,0x0000000032ce0000)]
  0x000000002108b800 JavaThread "Memory manager" [_thread_blocked, id=14400, stack(0x000000002dbb0000,0x000000002dcb0000)]
  0x0000000021caa000 JavaThread "Cache worker for file content cache (C:\Users\ADMIN\.gradle\caches\6.5\fileContent)" [_thread_blocked, id=13224, stack(0x00000000237b0000,0x00000000238b0000)]
  0x0000000021ca9800 JavaThread "Cache worker for execution history cache (C:\Users\ADMIN\.gradle\caches\6.5\executionHistory)" [_thread_blocked, id=2332, stack(0x00000000230b0000,0x00000000231b0000)]
  0x000000001cb50800 JavaThread "Cache worker for file hash cache (C:\Users\ADMIN\.gradle\caches\6.5\fileHashes)" [_thread_blocked, id=11676, stack(0x000000001ef40000,0x000000001f040000)]
  0x000000001cb55000 JavaThread "File lock request listener" [_thread_in_native, id=11620, stack(0x000000001ee40000,0x000000001ef40000)]
  0x000000001b1b6800 JavaThread "Cache worker for journal cache (C:\Users\ADMIN\.gradle\caches\journal-1)" [_thread_blocked, id=9552, stack(0x000000001ed40000,0x000000001ee40000)]
  0x000000001af44800 JavaThread "Daemon worker" [_thread_blocked, id=17248, stack(0x000000001e740000,0x000000001e840000)]
  0x000000001c95f000 JavaThread "Daemon" [_thread_blocked, id=17536, stack(0x000000001e340000,0x000000001e440000)]
  0x000000001c956000 JavaThread "Daemon periodic checks" [_thread_blocked, id=5180, stack(0x000000001e040000,0x000000001e140000)]
  0x000000001c963000 JavaThread "Incoming local TCP Connector on port 58043" [_thread_in_native, id=16636, stack(0x000000001de00000,0x000000001df00000)]
  0x000000001c98c000 JavaThread "Daemon health stats" [_thread_blocked, id=11768, stack(0x000000001d7c0000,0x000000001d8c0000)]
  0x0000000019fc5000 JavaThread "Service Thread" daemon [_thread_blocked, id=4060, stack(0x000000001ac20000,0x000000001ad20000)]
  0x0000000019f3f000 JavaThread "C1 CompilerThread3" daemon [_thread_in_vm, id=16800, stack(0x000000001ab20000,0x000000001ac20000)]
=>0x0000000019f3b000 JavaThread "C2 CompilerThread2" daemon [_thread_in_native, id=2764, stack(0x000000001aa20000,0x000000001ab20000)]
  0x000000001811c800 JavaThread "C2 CompilerThread1" daemon [_thread_blocked, id=2324, stack(0x000000001a920000,0x000000001aa20000)]
  0x0000000019f36000 JavaThread "C2 CompilerThread0" daemon [_thread_blocked, id=13352, stack(0x000000001a820000,0x000000001a920000)]
  0x0000000019f35000 JavaThread "Attach Listener" daemon [_thread_blocked, id=10904, stack(0x000000001a720000,0x000000001a820000)]
  0x0000000019f33800 JavaThread "Signal Dispatcher" daemon [_thread_blocked, id=15408, stack(0x000000001a620000,0x000000001a720000)]
  0x000000000309c800 JavaThread "Finalizer" daemon [_thread_blocked, id=6428, stack(0x000000001a400000,0x000000001a500000)]
  0x0000000019f20800 JavaThread "Reference Handler" daemon [_thread_blocked, id=17344, stack(0x000000001a300000,0x000000001a400000)]
  0x0000000002fa2800 JavaThread "main" [_thread_blocked, id=7352, stack(0x0000000002ea0000,0x0000000002fa0000)]

Other Threads:
  0x0000000018108800 VMThread [stack: 0x0000000019e00000,0x0000000019f00000] [id=10364]
  0x0000000019fc5800 WatcherThread [stack: 0x000000001ad20000,0x000000001ae20000] [id=16556]

VM state:not at safepoint (normal execution)

VM Mutex/Monitor currently owned by a thread:  ([mutex/lock_event])
[0x0000000002fa03d0] CompiledIC_lock - owner thread: 0x0000000019f3f000

heap address: 0x0000000080000000, size: 2048 MB, Compressed Oops mode: 32-bit
Narrow klass base: 0x0000000000000000, Narrow klass shift: 3
Compressed class space size: 1073741824 Address: 0x0000000100000000

Heap:
 PSYoungGen      total 494592K, used 233159K [0x00000000d5580000, 0x0000000100000000, 0x0000000100000000)
  eden space 419840K, 55% used [0x00000000d5580000,0x00000000e3931e40,0x00000000eef80000)
  from space 74752K, 0% used [0x00000000f6000000,0x00000000f6000000,0x00000000fa900000)
  to   space 115200K, 0% used [0x00000000eef80000,0x00000000eef80000,0x00000000f6000000)
 ParOldGen       total 552960K, used 202393K [0x0000000080000000, 0x00000000a1c00000, 0x00000000d5580000)
  object space 552960K, 36% used [0x0000000080000000,0x000000008c5a6700,0x00000000a1c00000)
 Metaspace       used 137123K, capacity 142586K, committed 145816K, reserved 1175552K
  class space    used 17233K, capacity 18359K, committed 19112K, reserved 1048576K

Card table byte_map: [0x0000000012460000,0x0000000012870000] byte_map_base: 0x0000000012060000

Marking Bits: (ParMarkBitMap*) 0x000000005efcf030
 Begin Bits: [0x0000000013320000, 0x0000000015320000)
 End Bits:   [0x0000000015320000, 0x0000000017320000)

Polling page: 0x00000000017c0000

CodeCache: size=245760Kb used=70328Kb max_used=70711Kb free=175431Kb
 bounds [0x00000000030a0000, 0x0000000007600000, 0x00000000120a0000]
 total_blobs=21121 nmethods=20164 adapters=868
 compilation: enabled

Compilation events (10 events):
Event: 87.687 Thread 0x000000001811c800 nmethod 25368 0x0000000003659c10 code [0x0000000003659da0, 0x000000000365a1b8]
Event: 87.689 Thread 0x000000001811c800 25369       4       org.gradle.api.file.RelativePath::hashCode (28 bytes)
Event: 87.693 Thread 0x000000001811c800 nmethod 25369 0x0000000003aded50 code [0x0000000003adee80, 0x0000000003adf0b8]
Event: 87.695 Thread 0x000000001811c800 25370       4       sun.reflect.NativeMethodAccessorImpl::invoke (104 bytes)
Event: 87.697 Thread 0x0000000019f3f000 25373       3       java.net.SocketOutputStream::write (8 bytes)
Event: 87.698 Thread 0x0000000019f3f000 nmethod 25373 0x000000000422e890 code [0x000000000422ea00, 0x000000000422eb88]
Event: 87.702 Thread 0x000000001811c800 nmethod 25370 0x0000000003e890d0 code [0x0000000003e89260, 0x0000000003e89828]
Event: 87.709 Thread 0x000000001811c800 25375       4       java.io.ObjectStreamClass$FieldReflector::setPrimFieldValues (329 bytes)
Event: 87.716 Thread 0x000000001811c800 nmethod 25375 0x00000000035edc10 code [0x00000000035edec0, 0x00000000035ee400]
Event: 87.725 Thread 0x0000000019f36000 nmethod 25349 0x000000000625c3d0 code [0x000000000625c7e0, 0x000000000625f0d8]

GC Heap History (10 events):
Event: 47.637 GC heap before
{Heap before GC invocations=21 (full 4):
 PSYoungGen      total 453632K, used 453613K [0x00000000d5580000, 0x00000000f7600000, 0x0000000100000000)
  eden space 390144K, 100% used [0x00000000d5580000,0x00000000ed280000,0x00000000ed280000)
  from space 63488K, 99% used [0x00000000f2080000,0x00000000f5e7b660,0x00000000f5e80000)
  to   space 79872K, 0% used [0x00000000ed280000,0x00000000ed280000,0x00000000f2080000)
 ParOldGen       total 331264K, used 150082K [0x0000000080000000, 0x0000000094380000, 0x00000000d5580000)
  object space 331264K, 45% used [0x0000000080000000,0x0000000089290a30,0x0000000094380000)
 Metaspace       used 114558K, capacity 120364K, committed 120728K, reserved 1153024K
  class space    used 14956K, capacity 16170K, committed 16296K, reserved 1048576K
Event: 47.710 GC heap after
Heap after GC invocations=21 (full 4):
 PSYoungGen      total 470016K, used 42283K [0x00000000d5580000, 0x00000000f9780000, 0x0000000100000000)
  eden space 390144K, 0% used [0x00000000d5580000,0x00000000d5580000,0x00000000ed280000)
  from space 79872K, 52% used [0x00000000ed280000,0x00000000efbcac80,0x00000000f2080000)
  to   space 79360K, 0% used [0x00000000f4a00000,0x00000000f4a00000,0x00000000f9780000)
 ParOldGen       total 331264K, used 210663K [0x0000000080000000, 0x0000000094380000, 0x00000000d5580000)
  object space 331264K, 63% used [0x0000000080000000,0x000000008cdb9c80,0x0000000094380000)
 Metaspace       used 114558K, capacity 120364K, committed 120728K, reserved 1153024K
  class space    used 14956K, capacity 16170K, committed 16296K, reserved 1048576K
}
Event: 52.017 GC heap before
{Heap before GC invocations=22 (full 4):
 PSYoungGen      total 470016K, used 432427K [0x00000000d5580000, 0x00000000f9780000, 0x0000000100000000)
  eden space 390144K, 100% used [0x00000000d5580000,0x00000000ed280000,0x00000000ed280000)
  from space 79872K, 52% used [0x00000000ed280000,0x00000000efbcac80,0x00000000f2080000)
  to   space 79360K, 0% used [0x00000000f4a00000,0x00000000f4a00000,0x00000000f9780000)
 ParOldGen       total 331264K, used 210665K [0x0000000080000000, 0x0000000094380000, 0x00000000d5580000)
  object space 331264K, 63% used [0x0000000080000000,0x000000008cdba408,0x0000000094380000)
 Metaspace       used 119053K, capacity 125502K, committed 125592K, reserved 1159168K
  class space    used 15467K, capacity 16785K, committed 16808K, reserved 1048576K
Event: 52.036 GC heap after
Heap after GC invocations=22 (full 4):
 PSYoungGen      total 492032K, used 27177K [0x00000000d5580000, 0x00000000f8980000, 0x0000000100000000)
  eden space 427008K, 0% used [0x00000000d5580000,0x00000000d5580000,0x00000000ef680000)
  from space 65024K, 41% used [0x00000000f4a00000,0x00000000f648a7e8,0x00000000f8980000)
  to   space 75264K, 0% used [0x00000000ef680000,0x00000000ef680000,0x00000000f4000000)
 ParOldGen       total 331264K, used 210681K [0x0000000080000000, 0x0000000094380000, 0x00000000d5580000)
  object space 331264K, 63% used [0x0000000080000000,0x000000008cdbe408,0x0000000094380000)
 Metaspace       used 119053K, capacity 125502K, committed 125592K, reserved 1159168K
  class space    used 15467K, capacity 16785K, committed 16808K, reserved 1048576K
}
Event: 83.415 GC heap before
{Heap before GC invocations=23 (full 4):
 PSYoungGen      total 492032K, used 454185K [0x00000000d5580000, 0x00000000f8980000, 0x0000000100000000)
  eden space 427008K, 100% used [0x00000000d5580000,0x00000000ef680000,0x00000000ef680000)
  from space 65024K, 41% used [0x00000000f4a00000,0x00000000f648a7e8,0x00000000f8980000)
  to   space 75264K, 0% used [0x00000000ef680000,0x00000000ef680000,0x00000000f4000000)
 ParOldGen       total 331264K, used 210681K [0x0000000080000000, 0x0000000094380000, 0x00000000d5580000)
  object space 331264K, 63% used [0x0000000080000000,0x000000008cdbe408,0x0000000094380000)
 Metaspace       used 124604K, capacity 131392K, committed 131608K, reserved 1163264K
  class space    used 15995K, capacity 17380K, committed 17448K, reserved 1048576K
Event: 83.461 GC heap after
Heap after GC invocations=23 (full 4):
 PSYoungGen      total 502272K, used 42406K [0x00000000d5580000, 0x00000000fa900000, 0x0000000100000000)
  eden space 427008K, 0% used [0x00000000d5580000,0x00000000d5580000,0x00000000ef680000)
  from space 75264K, 56% used [0x00000000ef680000,0x00000000f1fe9b88,0x00000000f4000000)
  to   space 74752K, 0% used [0x00000000f6000000,0x00000000f6000000,0x00000000fa900000)
 ParOldGen       total 331264K, used 210689K [0x0000000080000000, 0x0000000094380000, 0x00000000d5580000)
  object space 331264K, 63% used [0x0000000080000000,0x000000008cdc0408,0x0000000094380000)
 Metaspace       used 124604K, capacity 131392K, committed 131608K, reserved 1163264K
  class space    used 15995K, capacity 17380K, committed 17448K, reserved 1048576K
}
Event: 86.559 GC heap before
{Heap before GC invocations=24 (full 4):
 PSYoungGen      total 502272K, used 469414K [0x00000000d5580000, 0x00000000fa900000, 0x0000000100000000)
  eden space 427008K, 100% used [0x00000000d5580000,0x00000000ef680000,0x00000000ef680000)
  from space 75264K, 56% used [0x00000000ef680000,0x00000000f1fe9b88,0x00000000f4000000)
  to   space 74752K, 0% used [0x00000000f6000000,0x00000000f6000000,0x00000000fa900000)
 ParOldGen       total 331264K, used 210689K [0x0000000080000000, 0x0000000094380000, 0x00000000d5580000)
  object space 331264K, 63% used [0x0000000080000000,0x000000008cdc0408,0x0000000094380000)
 Metaspace       used 138534K, capacity 145450K, committed 145816K, reserved 1175552K
  class space    used 17637K, capacity 19061K, committed 19112K, reserved 1048576K
Event: 86.640 GC heap after
Heap after GC invocations=24 (full 4):
 PSYoungGen      total 494592K, used 74724K [0x00000000d5580000, 0x0000000100000000, 0x0000000100000000)
  eden space 419840K, 0% used [0x00000000d5580000,0x00000000d5580000,0x00000000eef80000)
  from space 74752K, 99% used [0x00000000f6000000,0x00000000fa8f9340,0x00000000fa900000)
  to   space 115200K, 0% used [0x00000000eef80000,0x00000000eef80000,0x00000000f6000000)
 ParOldGen       total 331264K, used 289290K [0x0000000080000000, 0x0000000094380000, 0x00000000d5580000)
  object space 331264K, 87% used [0x0000000080000000,0x0000000091a828a8,0x0000000094380000)
 Metaspace       used 138534K, capacity 145450K, committed 145816K, reserved 1175552K
  class space    used 17637K, capacity 19061K, committed 19112K, reserved 1048576K
}
Event: 86.640 GC heap before
{Heap before GC invocations=25 (full 5):
 PSYoungGen      total 494592K, used 74724K [0x00000000d5580000, 0x0000000100000000, 0x0000000100000000)
  eden space 419840K, 0% used [0x00000000d5580000,0x00000000d5580000,0x00000000eef80000)
  from space 74752K, 99% used [0x00000000f6000000,0x00000000fa8f9340,0x00000000fa900000)
  to   space 115200K, 0% used [0x00000000eef80000,0x00000000eef80000,0x00000000f6000000)
 ParOldGen       total 331264K, used 289290K [0x0000000080000000, 0x0000000094380000, 0x00000000d5580000)
  object space 331264K, 87% used [0x0000000080000000,0x0000000091a828a8,0x0000000094380000)
 Metaspace       used 138534K, capacity 145450K, committed 145816K, reserved 1175552K
  class space    used 17637K, capacity 19061K, committed 19112K, reserved 1048576K
Event: 87.038 GC heap after
Heap after GC invocations=25 (full 5):
 PSYoungGen      total 494592K, used 0K [0x00000000d5580000, 0x0000000100000000, 0x0000000100000000)
  eden space 419840K, 0% used [0x00000000d5580000,0x00000000d5580000,0x00000000eef80000)
  from space 74752K, 0% used [0x00000000f6000000,0x00000000f6000000,0x00000000fa900000)
  to   space 115200K, 0% used [0x00000000eef80000,0x00000000eef80000,0x00000000f6000000)
 ParOldGen       total 552960K, used 202393K [0x0000000080000000, 0x00000000a1c00000, 0x00000000d5580000)
  object space 552960K, 36% used [0x0000000080000000,0x000000008c5a6700,0x00000000a1c00000)
 Metaspace       used 137109K, capacity 142586K, committed 145816K, reserved 1175552K
  class space    used 17231K, capacity 18359K, committed 19112K, reserved 1048576K
}

Deoptimization events (10 events):
Event: 85.132 Thread 0x00000000359db000 Uncommon trap: reason=array_check action=maybe_recompile pc=0x000000000726a100 method=androidx.room.jarjarred.org.antlr.v4.runtime.misc.Array2DHashSet.getOrAddImpl(Ljava/lang/Object;)Ljava/lang/Object; @ 36
Event: 85.233 Thread 0x00000000359db000 Uncommon trap: reason=array_check action=maybe_recompile pc=0x00000000072fa058 method=androidx.room.jarjarred.org.antlr.v4.runtime.misc.Array2DHashSet.getOrAddImpl(Ljava/lang/Object;)Ljava/lang/Object; @ 74
Event: 85.233 Thread 0x00000000359db000 Uncommon trap: reason=array_check action=maybe_recompile pc=0x00000000072fa058 method=androidx.room.jarjarred.org.antlr.v4.runtime.misc.Array2DHashSet.getOrAddImpl(Ljava/lang/Object;)Ljava/lang/Object; @ 74
Event: 85.829 Thread 0x00000000359db000 Uncommon trap: reason=class_check action=maybe_recompile pc=0x0000000003237e24 method=java.lang.StringCoding.encode(Ljava/nio/charset/Charset;[CII)[B @ 1
Event: 85.968 Thread 0x00000000359db000 Uncommon trap: reason=class_check action=maybe_recompile pc=0x0000000003237e24 method=java.lang.StringCoding.encode(Ljava/nio/charset/Charset;[CII)[B @ 1
Event: 87.106 Thread 0x00000000359db000 Uncommon trap: reason=unstable_if action=reinterpret pc=0x000000000741ccb4 method=android.databinding.tool.reflection.SdkUtil$ApiChecker.buildFullLookup()V @ 49
Event: 87.305 Thread 0x00000000359db000 Uncommon trap: reason=null_check action=make_not_entrant pc=0x0000000003ecc918 method=java.lang.ThreadLocal$ThreadLocalMap.getEntryAfterMiss(Ljava/lang/ThreadLocal;ILjava/lang/ThreadLocal$ThreadLocalMap$Entry;)Ljava/lang/ThreadLocal$ThreadLocalMap$Entry; 
Event: 87.612 Thread 0x00000000359d9000 Uncommon trap: reason=unstable_if action=reinterpret pc=0x0000000003332ad8 method=com.google.common.collect.MapMakerInternalMap$Segment.put(Ljava/lang/Object;ILjava/lang/Object;Z)Ljava/lang/Object; @ 92
Event: 87.685 Thread 0x00000000359d9000 Uncommon trap: reason=class_check action=maybe_recompile pc=0x0000000003814a50 method=java.util.WeakHashMap.eq(Ljava/lang/Object;Ljava/lang/Object;)Z @ 7
Event: 87.708 Thread 0x00000000359e0800 Uncommon trap: reason=class_check action=maybe_recompile pc=0x000000000375e648 method=java.lang.ThreadLocal.set(Ljava/lang/Object;)V @ 26

Classes redefined (0 events):
No events

Internal exceptions (10 events):
Event: 87.630 Thread 0x00000000359d9000 Exception <a 'sun/nio/fs/WindowsException'> (0x00000000e2f10c38) thrown at [C:\src\AOSP-openjdk-git\hotspot\src\share\vm\prims\jni.cpp, line 710]
Event: 87.631 Thread 0x00000000359d9000 Exception <a 'sun/nio/fs/WindowsException'> (0x00000000e2f12998) thrown at [C:\src\AOSP-openjdk-git\hotspot\src\share\vm\prims\jni.cpp, line 710]
Event: 87.631 Thread 0x00000000359d9000 Exception <a 'sun/nio/fs/WindowsException'> (0x00000000e2f13680) thrown at [C:\src\AOSP-openjdk-git\hotspot\src\share\vm\prims\jni.cpp, line 710]
Event: 87.632 Thread 0x00000000359d9000 Exception <a 'sun/nio/fs/WindowsException'> (0x00000000e2f153e0) thrown at [C:\src\AOSP-openjdk-git\hotspot\src\share\vm\prims\jni.cpp, line 710]
Event: 87.632 Thread 0x00000000359d9000 Exception <a 'sun/nio/fs/WindowsException'> (0x00000000e2f160c0) thrown at [C:\src\AOSP-openjdk-git\hotspot\src\share\vm\prims\jni.cpp, line 710]
Event: 87.632 Thread 0x00000000359d9000 Exception <a 'sun/nio/fs/WindowsException'> (0x00000000e2f17e20) thrown at [C:\src\AOSP-openjdk-git\hotspot\src\share\vm\prims\jni.cpp, line 710]
Event: 87.632 Thread 0x00000000359d9000 Exception <a 'sun/nio/fs/WindowsException'> (0x00000000e2f18b08) thrown at [C:\src\AOSP-openjdk-git\hotspot\src\share\vm\prims\jni.cpp, line 710]
Event: 87.632 Thread 0x00000000359d9000 Exception <a 'sun/nio/fs/WindowsException'> (0x00000000e2f1a868) thrown at [C:\src\AOSP-openjdk-git\hotspot\src\share\vm\prims\jni.cpp, line 710]
Event: 87.633 Thread 0x00000000359d9000 Exception <a 'sun/nio/fs/WindowsException'> (0x00000000e2f1b550) thrown at [C:\src\AOSP-openjdk-git\hotspot\src\share\vm\prims\jni.cpp, line 710]
Event: 87.688 Thread 0x00000000359df000 Exception <a 'java/lang/InterruptedException'> (0x00000000e35ab8a0) thrown at [C:\src\AOSP-openjdk-git\hotspot\src\share\vm\runtime\objectMonitor.cpp, line 1680]

Events (10 events):
Event: 87.726 Thread 0x0000000019f36000 flushing nmethod 0x00000000044596d0
Event: 87.726 Thread 0x0000000019f36000 flushing nmethod 0x000000000448b690
Event: 87.726 Thread 0x0000000019f36000 flushing nmethod 0x00000000044bac50
Event: 87.726 Thread 0x0000000019f36000 flushing nmethod 0x0000000004567a50
Event: 87.726 Thread 0x0000000019f36000 flushing nmethod 0x00000000045aea10
Event: 87.726 Thread 0x0000000019f36000 flushing nmethod 0x00000000045babd0
Event: 87.726 Thread 0x0000000019f36000 flushing nmethod 0x00000000045c7e10
Event: 87.727 Thread 0x0000000019f36000 flushing nmethod 0x00000000045e0e50
Event: 87.727 Thread 0x0000000019f36000 flushing nmethod 0x00000000045ece50
Event: 87.727 Thread 0x0000000019f36000 flushing nmethod 0x00000000045eed90


Dynamic libraries:
0x00007ff66a290000 - 0x00007ff66a2c1000 	C:\Program Files\Android\Android Studio\jre\bin\java.exe
0x00007ffca0ca0000 - 0x00007ffca0e90000 	C:\WINDOWS\SYSTEM32\ntdll.dll
0x00007ffca05e0000 - 0x00007ffca0692000 	C:\WINDOWS\System32\KERNEL32.DLL
0x00007ffc9ea70000 - 0x00007ffc9ed15000 	C:\WINDOWS\System32\KERNELBASE.dll
0x00007ffca0760000 - 0x00007ffca0803000 	C:\WINDOWS\System32\ADVAPI32.dll
0x00007ffca0880000 - 0x00007ffca091e000 	C:\WINDOWS\System32\msvcrt.dll
0x00007ffc9fa70000 - 0x00007ffc9fb07000 	C:\WINDOWS\System32\sechost.dll
0x00007ffc9ed50000 - 0x00007ffc9ee6f000 	C:\WINDOWS\System32\RPCRT4.dll
0x00007ffc9f8d0000 - 0x00007ffc9fa64000 	C:\WINDOWS\System32\USER32.dll
0x00007ffc9e200000 - 0x00007ffc9e221000 	C:\WINDOWS\System32\win32u.dll
0x00007ffc9f8a0000 - 0x00007ffc9f8c6000 	C:\WINDOWS\System32\GDI32.dll
0x00007ffc9dcd0000 - 0x00007ffc9de68000 	C:\WINDOWS\System32\gdi32full.dll
0x00007ffc9e9d0000 - 0x00007ffc9ea6e000 	C:\WINDOWS\System32\msvcp_win.dll
0x00007ffc9de70000 - 0x00007ffc9df6a000 	C:\WINDOWS\System32\ucrtbase.dll
0x00007ffc8c000000 - 0x00007ffc8c284000 	C:\WINDOWS\WinSxS\amd64_microsoft.windows.common-controls_6595b64144ccf1df_6.0.18362.1316_none_9e7a364fe461dbd7\COMCTL32.dll
0x00007ffca0920000 - 0x00007ffca0c57000 	C:\WINDOWS\System32\combase.dll
0x00007ffc9df70000 - 0x00007ffc9dff1000 	C:\WINDOWS\System32\bcryptPrimitives.dll
0x00007ffc9f870000 - 0x00007ffc9f89e000 	C:\WINDOWS\System32\IMM32.DLL
0x000000005d5a0000 - 0x000000005d672000 	C:\Program Files\Android\Android Studio\jre\jre\bin\msvcr100.dll
0x000000005e800000 - 0x000000005f04b000 	C:\Program Files\Android\Android Studio\jre\jre\bin\server\jvm.dll
0x00007ffc9f4e0000 - 0x00007ffc9f4e8000 	C:\WINDOWS\System32\PSAPI.DLL
0x00007ffc8a8b0000 - 0x00007ffc8a8b9000 	C:\WINDOWS\SYSTEM32\WSOCK32.dll
0x00007ffc992e0000 - 0x00007ffc992ea000 	C:\WINDOWS\SYSTEM32\VERSION.dll
0x00007ffc9a1c0000 - 0x00007ffc9a1e4000 	C:\WINDOWS\SYSTEM32\WINMM.dll
0x00007ffc9fb10000 - 0x00007ffc9fb7f000 	C:\WINDOWS\System32\WS2_32.dll
0x00007ffc9a190000 - 0x00007ffc9a1bd000 	C:\WINDOWS\SYSTEM32\WINMMBASE.dll
0x00007ffc9dc80000 - 0x00007ffc9dcca000 	C:\WINDOWS\System32\cfgmgr32.dll
0x00007ffc9a1f0000 - 0x00007ffc9a1ff000 	C:\Program Files\Android\Android Studio\jre\jre\bin\verify.dll
0x00007ffc938b0000 - 0x00007ffc938d9000 	C:\Program Files\Android\Android Studio\jre\jre\bin\java.dll
0x00007ffc97450000 - 0x00007ffc97466000 	C:\Program Files\Android\Android Studio\jre\jre\bin\zip.dll
0x00007ffc9fb80000 - 0x00007ffca0268000 	C:\WINDOWS\System32\SHELL32.dll
0x00007ffca06a0000 - 0x00007ffca0747000 	C:\WINDOWS\System32\shcore.dll
0x00007ffc9e250000 - 0x00007ffc9e9cb000 	C:\WINDOWS\System32\windows.storage.dll
0x00007ffc9dbd0000 - 0x00007ffc9dbf3000 	C:\WINDOWS\System32\profapi.dll
0x00007ffc9db80000 - 0x00007ffc9dbca000 	C:\WINDOWS\System32\powrprof.dll
0x00007ffc9db50000 - 0x00007ffc9db60000 	C:\WINDOWS\System32\UMPDC.dll
0x00007ffc9f810000 - 0x00007ffc9f862000 	C:\WINDOWS\System32\shlwapi.dll
0x00007ffc9dc00000 - 0x00007ffc9dc11000 	C:\WINDOWS\System32\kernel.appcore.dll
0x00007ffc9e230000 - 0x00007ffc9e247000 	C:\WINDOWS\System32\cryptsp.dll
0x00007ffc96c10000 - 0x00007ffc96c2a000 	C:\Program Files\Android\Android Studio\jre\jre\bin\net.dll
0x00007ffc9d390000 - 0x00007ffc9d3f7000 	C:\WINDOWS\system32\mswsock.dll
0x00007ffc969b0000 - 0x00007ffc969c3000 	C:\Program Files\Android\Android Studio\jre\jre\bin\nio.dll
0x00007ffc81740000 - 0x00007ffc81767000 	C:\Users\ADMIN\.gradle\native\f6784746aeab05261644944871eae4fe03e0ef1612fff0a4a95f87b438bc6780\windows-amd64\native-platform.dll
0x00007ffc9a0f0000 - 0x00007ffc9a0fd000 	C:\Program Files\Android\Android Studio\jre\jre\bin\management.dll
0x00007ffc9cf10000 - 0x00007ffc9cf43000 	C:\WINDOWS\system32\rsaenh.dll
0x00007ffc9ed20000 - 0x00007ffc9ed46000 	C:\WINDOWS\System32\bcrypt.dll
0x00007ffc9da70000 - 0x00007ffc9da95000 	C:\WINDOWS\SYSTEM32\USERENV.dll
0x00007ffc9d560000 - 0x00007ffc9d56c000 	C:\WINDOWS\SYSTEM32\CRYPTBASE.dll
0x00007ffc9d0a0000 - 0x00007ffc9d0da000 	C:\WINDOWS\SYSTEM32\IPHLPAPI.DLL
0x00007ffca0750000 - 0x00007ffca0758000 	C:\WINDOWS\System32\NSI.dll
0x00007ffc97230000 - 0x00007ffc97246000 	C:\WINDOWS\SYSTEM32\dhcpcsvc6.DLL
0x00007ffc97210000 - 0x00007ffc9722c000 	C:\WINDOWS\SYSTEM32\dhcpcsvc.DLL
0x00007ffc9d0e0000 - 0x00007ffc9d1ab000 	C:\WINDOWS\SYSTEM32\DNSAPI.dll
0x00007ffc97ae0000 - 0x00007ffc97aeb000 	C:\WINDOWS\SYSTEM32\WINNSI.DLL
0x00007ffc8e9d0000 - 0x00007ffc8e9ee000 	C:\Users\ADMIN\AppData\Local\Temp\native-platform4135354828758565661dir\native-platform.dll
0x0000000066e00000 - 0x0000000066f03000 	C:\Users\ADMIN\AppData\Local\Temp\sqlite-3.25.2-1f272516-4dad-4c69-957f-a04998421fba-sqlitejdbc.dll
0x00000000310f0000 - 0x00000000311f3000 	C:\Users\ADMIN\AppData\Local\Temp\sqlite-3.25.2-379f9b6f-1824-4c99-93d2-ed29d1564801-sqlitejdbc.dll

VM Arguments:
jvm_args: -Xmx2048m -Dfile.encoding=windows-1252 -Duser.country=US -Duser.language=en -Duser.variant 
java_command: org.gradle.launcher.daemon.bootstrap.GradleDaemon 6.5
java_class_path (initial): C:\Users\ADMIN\.gradle\wrapper\dists\gradle-6.5-all\2oz4ud9k3tuxjg84bbf55q0tn\gradle-6.5\lib\gradle-launcher-6.5.jar
Launcher Type: SUN_STANDARD

Environment Variables:
JAVA_HOME=C:\Program Files (x86)\Java\jdk1.8.0_181
PATH=C:\Program Files (x86)\Intel\Intel(R) Management Engine Components\iCLS\;C:\Program Files\Intel\Intel(R) Management Engine Components\iCLS\;C:\WINDOWS\system32;C:\WINDOWS;C:\WINDOWS\System32\Wbem;C:\WINDOWS\System32\WindowsPowerShell\v1.0\;C:\Program Files (x86)\Intel\Intel(R) Management Engine Components\DAL;C:\Program Files\Intel\Intel(R) Management Engine Components\DAL;C:\Program Files (x86)\Intel\Intel(R) Management Engine Components\IPT;C:\Program Files\Intel\Intel(R) Management Engine Components\IPT;C:\Program Files\Microsoft SQL Server\110\Tools\Binn\;C:\Program Files\dotnet\;C:\Program Files\Microsoft SQL Server\130\Tools\Binn\;C:\WINDOWS\System32\OpenSSH\;C:\Program Files (x86)\Microsoft SQL Server\Client SDK\ODBC\110\Tools\Binn\;C:\Program Files (x86)\Microsoft SQL Server\120\Tools\Binn\;C:\Program Files (x86)\Microsoft SQL Server\120\DTS\Binn\;C:\Program Files (x86)\Microsoft SQL Server\120\Tools\Binn\ManagementStudio\;C:\Users\ADMIN\Downloads\cmake-3.15.0-rc1-win64-x64\bin;C:\Program Files\Git\cmd;C:\Program Files (x86)\IVI Foundation\VISA\WinNT\Bin;C:\Ruby27-x64\bin;C:\Ruby26-x64\bin;C:\Users\ADMIN\AppData\Local\Programs\Python\Python37\Scripts\;C:\Users\ADMIN\AppData\Local\Programs\Python\Python37\;C:\Users\ADMIN\AppData\Local\Microsoft\WindowsApps
USERNAME=ADMIN
OS=Windows_NT
PROCESSOR_IDENTIFIER=Intel64 Family 6 Model 142 Stepping 10, GenuineIntel



---------------  S Y S T E M  ---------------

OS: Windows 10.0 , 64 bit Build 18362 (10.0.18362.1316)

CPU:total 8 (initial active 8) (4 cores per cpu, 2 threads per core) family 6 model 142 stepping 10, cmov, cx8, fxsr, mmx, sse, sse2, sse3, ssse3, sse4.1, sse4.2, popcnt, avx, avx2, aes, clmul, erms, 3dnowpref, lzcnt, ht, tsc, tscinvbit, bmi1, bmi2, adx

Memory: 4k page, physical 12478204k(2988760k free), swap 14526204k(191480k free)

vm_info: OpenJDK 64-Bit Server VM (25.242-b01) for windows-amd64 JRE (1.8.0_242-release-1644-b01), built by "builder" with MS VC++ 10.0 (VS2010)

time: Wed Jan 20 23:11:34 2021
timezone: SE Asia Standard Time
elapsed time: 87 seconds (0d 0h 1m 27s)

